[11:39:39.917] Global cache location '/home/cosmic/.cache/typescript/4.7', safe file path '/usr/local/lib/node_modules/typescript/lib/typingSafeList.json', types map path /usr/local/lib/node_modules/typescript/lib/typesMap.json
[11:39:39.918] Processing cache location '/home/cosmic/.cache/typescript/4.7'
[11:39:39.918] Trying to find '/home/cosmic/.cache/typescript/4.7/package.json'...
[11:39:40.094] Loaded content of '/home/cosmic/.cache/typescript/4.7/package.json': {"private":true,"dependencies":{"types-registry":"^0.1.608"},"devDependencies":{"@types/body-parser":"^1.19.2","@types/co":"^4.6.3","@types/cors":"^2.8.12","@types/express":"^4.17.13","@types/merge-descriptors":"^1.0.1","@types/multer":"^1.4.7","@types/nodemon":"^1.19.2","@types/react":"^18.0.15","@types/react-dom":"^18.0.6","@types/serve-static":"^1.13.10","@types/styled-components":"^5.1.25"}}
[11:39:40.094] Loaded content of '/home/cosmic/.cache/typescript/4.7/package-lock.json'
[11:39:40.158] Adding entry into typings cache: 'body-parser' => '/home/cosmic/.cache/typescript/4.7/node_modules/@types/body-parser/index.d.ts'
[11:39:40.488] Adding entry into typings cache: 'co' => '/home/cosmic/.cache/typescript/4.7/node_modules/@types/co/index.d.ts'
[11:39:40.562] Adding entry into typings cache: 'cors' => '/home/cosmic/.cache/typescript/4.7/node_modules/@types/cors/index.d.ts'
[11:39:40.678] Adding entry into typings cache: 'express' => '/home/cosmic/.cache/typescript/4.7/node_modules/@types/express/index.d.ts'
[11:39:40.742] Adding entry into typings cache: 'merge-descriptors' => '/home/cosmic/.cache/typescript/4.7/node_modules/@types/merge-descriptors/index.d.ts'
[11:39:40.862] Adding entry into typings cache: 'multer' => '/home/cosmic/.cache/typescript/4.7/node_modules/@types/multer/index.d.ts'
[11:39:40.866] Adding entry into typings cache: 'nodemon' => '/home/cosmic/.cache/typescript/4.7/node_modules/@types/nodemon/index.d.ts'
[11:39:40.899] Adding entry into typings cache: 'react' => '/home/cosmic/.cache/typescript/4.7/node_modules/@types/react/index.d.ts'
[11:39:40.969] Adding entry into typings cache: 'react-dom' => '/home/cosmic/.cache/typescript/4.7/node_modules/@types/react-dom/index.d.ts'
[11:39:40.997] Adding entry into typings cache: 'serve-static' => '/home/cosmic/.cache/typescript/4.7/node_modules/@types/serve-static/index.d.ts'
[11:39:41.452] Adding entry into typings cache: 'styled-components' => '/home/cosmic/.cache/typescript/4.7/node_modules/@types/styled-components/index.d.ts'
[11:39:41.452] Finished processing cache location '/home/cosmic/.cache/typescript/4.7'
[11:39:41.453] Process id: 16784
[11:39:41.453] NPM location: /snap/node/6619/bin/npm (explicit '--npmLocation' not  provided)
[11:39:41.453] validateDefaultNpmLocation: false
[11:39:41.453] Npm config file: /home/cosmic/.cache/typescript/4.7/package.json
[11:39:41.453] Updating types-registry npm package...
[11:39:41.453] Exec: /snap/node/6619/bin/npm install --ignore-scripts types-registry@latest
[11:40:56.025]     Succeeded. stdout:
[11:40:56.025] Updated types-registry npm package
[11:41:30.897] Got install request {"projectName":"/dev/null/inferredProject1*","fileNames":["/usr/local/lib/node_modules/typescript/lib/lib.es5.d.ts","/usr/local/lib/node_modules/typescript/lib/lib.es2015.d.ts","/usr/local/lib/node_modules/typescript/lib/lib.es2016.d.ts","/usr/local/lib/node_modules/typescript/lib/lib.dom.d.ts","/usr/local/lib/node_modules/typescript/lib/lib.dom.iterable.d.ts","/usr/local/lib/node_modules/typescript/lib/lib.webworker.importscripts.d.ts","/usr/local/lib/node_modules/typescript/lib/lib.scripthost.d.ts","/usr/local/lib/node_modules/typescript/lib/lib.es2015.core.d.ts","/usr/local/lib/node_modules/typescript/lib/lib.es2015.collection.d.ts","/usr/local/lib/node_modules/typescript/lib/lib.es2015.generator.d.ts","/usr/local/lib/node_modules/typescript/lib/lib.es2015.iterable.d.ts","/usr/local/lib/node_modules/typescript/lib/lib.es2015.promise.d.ts","/usr/local/lib/node_modules/typescript/lib/lib.es2015.proxy.d.ts","/usr/local/lib/node_modules/typescript/lib/lib.es2015.reflect.d.ts","/usr/local/lib/node_modules/typescript/lib/lib.es2015.symbol.d.ts","/usr/local/lib/node_modules/typescript/lib/lib.es2015.symbol.wellknown.d.ts","/usr/local/lib/node_modules/typescript/lib/lib.es2016.array.include.d.ts","/usr/local/lib/node_modules/typescript/lib/lib.es2016.full.d.ts","/home/cosmic/learnIT/src/navbar/timer.js","/home/cosmic/learnIT/src/navbar/menuebar.js"],"compilerOptions":{"module":1,"target":3,"jsx":1,"allowJs":true,"allowSyntheticDefaultImports":true,"allowNonTsExtensions":true,"noEmitForJsFiles":true,"maxNodeModuleJsDepth":2},"typeAcquisition":{"enable":true,"include":[],"exclude":[]},"unresolvedImports":[],"projectRootPath":"/home/cosmic/learnIT/src/navbar","kind":"discover"}
[11:41:31.001] Loaded safelist from types map file '/usr/local/lib/node_modules/typescript/lib/typesMap.json'
[11:41:31.001] Explicitly included types: []
[11:41:31.002] Inferred typings from unresolved imports: []
[11:41:31.002] Result: {"cachedTypingPaths":[],"newTypingNames":[],"filesToWatch":["/home/cosmic/learnIT/src/navbar/bower_components","/home/cosmic/learnIT/src/navbar/node_modules"]}
[11:41:31.002] Finished typings discovery: {"cachedTypingPaths":[],"newTypingNames":[],"filesToWatch":["/home/cosmic/learnIT/src/navbar/bower_components","/home/cosmic/learnIT/src/navbar/node_modules"]}
[11:41:31.003] DirectoryWatcher:: Added:: WatchInfo: /home/cosmic/learnIT/src/navbar/bower_components
[11:41:31.003] DirectoryWatcher:: Added:: WatchInfo: /home/cosmic/learnIT/src/navbar/bower_components 1 undefined Project: /dev/null/inferredProject1* watcher already invoked: false
[11:41:31.006] Elapsed:: 2.1106029972434044ms DirectoryWatcher:: Added:: WatchInfo: /home/cosmic/learnIT/src/navbar/bower_components 1 undefined Project: /dev/null/inferredProject1* watcher already invoked: false
[11:41:31.006] DirectoryWatcher:: Added:: WatchInfo: /home/cosmic/learnIT/src/navbar/node_modules
[11:41:31.006] DirectoryWatcher:: Added:: WatchInfo: /home/cosmic/learnIT/src/navbar/node_modules 1 undefined Project: /dev/null/inferredProject1* watcher already invoked: false
[11:41:31.006] Elapsed:: 0.16217900067567825ms DirectoryWatcher:: Added:: WatchInfo: /home/cosmic/learnIT/src/navbar/node_modules 1 undefined Project: /dev/null/inferredProject1* watcher already invoked: false
[11:41:31.007] Sending response:
    {"projectName":"/dev/null/inferredProject1*","typeAcquisition":{"enable":true,"include":[],"exclude":[]},"compilerOptions":{"module":1,"target":3,"jsx":1,"allowJs":true,"allowSyntheticDefaultImports":true,"allowNonTsExtensions":true,"noEmitForJsFiles":true,"maxNodeModuleJsDepth":2},"typings":[],"unresolvedImports":[],"kind":"action::set"}
[11:41:31.007] Response has been sent.
[11:41:31.007] No new typings were requested as a result of typings discovery
[11:45:05.283] Got install request {"projectName":"/dev/null/inferredProject2*","fileNames":["/usr/local/lib/node_modules/typescript/lib/lib.es5.d.ts","/usr/local/lib/node_modules/typescript/lib/lib.es2015.d.ts","/usr/local/lib/node_modules/typescript/lib/lib.es2016.d.ts","/usr/local/lib/node_modules/typescript/lib/lib.dom.d.ts","/usr/local/lib/node_modules/typescript/lib/lib.dom.iterable.d.ts","/usr/local/lib/node_modules/typescript/lib/lib.webworker.importscripts.d.ts","/usr/local/lib/node_modules/typescript/lib/lib.scripthost.d.ts","/usr/local/lib/node_modules/typescript/lib/lib.es2015.core.d.ts","/usr/local/lib/node_modules/typescript/lib/lib.es2015.collection.d.ts","/usr/local/lib/node_modules/typescript/lib/lib.es2015.generator.d.ts","/usr/local/lib/node_modules/typescript/lib/lib.es2015.iterable.d.ts","/usr/local/lib/node_modules/typescript/lib/lib.es2015.promise.d.ts","/usr/local/lib/node_modules/typescript/lib/lib.es2015.proxy.d.ts","/usr/local/lib/node_modules/typescript/lib/lib.es2015.reflect.d.ts","/usr/local/lib/node_modules/typescript/lib/lib.es2015.symbol.d.ts","/usr/local/lib/node_modules/typescript/lib/lib.es2015.symbol.wellknown.d.ts","/usr/local/lib/node_modules/typescript/lib/lib.es2016.array.include.d.ts","/usr/local/lib/node_modules/typescript/lib/lib.es2016.full.d.ts","/home/cosmic/learnIT/src/Data.js"],"compilerOptions":{"module":1,"target":3,"jsx":1,"allowJs":true,"allowSyntheticDefaultImports":true,"allowNonTsExtensions":true,"noEmitForJsFiles":true,"maxNodeModuleJsDepth":2},"typeAcquisition":{"enable":true,"include":[],"exclude":[]},"unresolvedImports":[],"projectRootPath":"/home/cosmic/learnIT/src","kind":"discover"}
[11:45:05.331] Explicitly included types: []
[11:45:05.331] Inferred typings from unresolved imports: []
[11:45:05.351] Result: {"cachedTypingPaths":[],"newTypingNames":[],"filesToWatch":["/home/cosmic/learnIT/src/bower_components","/home/cosmic/learnIT/src/node_modules"]}
[11:45:05.351] Finished typings discovery: {"cachedTypingPaths":[],"newTypingNames":[],"filesToWatch":["/home/cosmic/learnIT/src/bower_components","/home/cosmic/learnIT/src/node_modules"]}
[11:45:05.351] DirectoryWatcher:: Added:: WatchInfo: /home/cosmic/learnIT/src/bower_components
[11:45:05.352] DirectoryWatcher:: Added:: WatchInfo: /home/cosmic/learnIT/src/bower_components 1 undefined Project: /dev/null/inferredProject2* watcher already invoked: false
[11:45:05.430] Elapsed:: 50.99908499792218ms DirectoryWatcher:: Added:: WatchInfo: /home/cosmic/learnIT/src/bower_components 1 undefined Project: /dev/null/inferredProject2* watcher already invoked: false
[11:45:05.431] DirectoryWatcher:: Added:: WatchInfo: /home/cosmic/learnIT/src/node_modules
[11:45:05.431] DirectoryWatcher:: Added:: WatchInfo: /home/cosmic/learnIT/src/node_modules 1 undefined Project: /dev/null/inferredProject2* watcher already invoked: false
[11:45:05.431] Elapsed:: 0.21017100289463997ms DirectoryWatcher:: Added:: WatchInfo: /home/cosmic/learnIT/src/node_modules 1 undefined Project: /dev/null/inferredProject2* watcher already invoked: false
[11:45:05.431] Sending response:
    {"projectName":"/dev/null/inferredProject2*","typeAcquisition":{"enable":true,"include":[],"exclude":[]},"compilerOptions":{"module":1,"target":3,"jsx":1,"allowJs":true,"allowSyntheticDefaultImports":true,"allowNonTsExtensions":true,"noEmitForJsFiles":true,"maxNodeModuleJsDepth":2},"typings":[],"unresolvedImports":[],"kind":"action::set"}
[11:45:05.432] Response has been sent.
[11:45:05.432] No new typings were requested as a result of typings discovery
