[11:17:56.854] Global cache location '/home/cosmic/.cache/typescript/4.7', safe file path '/usr/local/lib/node_modules/typescript/lib/typingSafeList.json', types map path /usr/local/lib/node_modules/typescript/lib/typesMap.json
[11:17:56.855] Processing cache location '/home/cosmic/.cache/typescript/4.7'
[11:17:56.855] Trying to find '/home/cosmic/.cache/typescript/4.7/package.json'...
[11:17:56.928] Loaded content of '/home/cosmic/.cache/typescript/4.7/package.json': {"private":true,"dependencies":{"types-registry":"^0.1.608"},"devDependencies":{"@types/body-parser":"^1.19.2","@types/co":"^4.6.3","@types/cors":"^2.8.12","@types/express":"^4.17.13","@types/merge-descriptors":"^1.0.1","@types/multer":"^1.4.7","@types/nodemon":"^1.19.2","@types/react":"^18.0.15","@types/react-dom":"^18.0.6","@types/serve-static":"^1.13.10","@types/styled-components":"^5.1.25"}}
[11:17:56.928] Loaded content of '/home/cosmic/.cache/typescript/4.7/package-lock.json'
[11:17:56.998] Adding entry into typings cache: 'body-parser' => '/home/cosmic/.cache/typescript/4.7/node_modules/@types/body-parser/index.d.ts'
[11:17:57.075] Adding entry into typings cache: 'co' => '/home/cosmic/.cache/typescript/4.7/node_modules/@types/co/index.d.ts'
[11:17:57.116] Adding entry into typings cache: 'cors' => '/home/cosmic/.cache/typescript/4.7/node_modules/@types/cors/index.d.ts'
[11:17:57.144] Adding entry into typings cache: 'express' => '/home/cosmic/.cache/typescript/4.7/node_modules/@types/express/index.d.ts'
[11:17:57.186] Adding entry into typings cache: 'merge-descriptors' => '/home/cosmic/.cache/typescript/4.7/node_modules/@types/merge-descriptors/index.d.ts'
[11:17:57.207] Adding entry into typings cache: 'multer' => '/home/cosmic/.cache/typescript/4.7/node_modules/@types/multer/index.d.ts'
[11:17:57.211] Adding entry into typings cache: 'nodemon' => '/home/cosmic/.cache/typescript/4.7/node_modules/@types/nodemon/index.d.ts'
[11:17:57.310] Adding entry into typings cache: 'react' => '/home/cosmic/.cache/typescript/4.7/node_modules/@types/react/index.d.ts'
[11:17:57.335] Adding entry into typings cache: 'react-dom' => '/home/cosmic/.cache/typescript/4.7/node_modules/@types/react-dom/index.d.ts'
[11:17:57.385] Adding entry into typings cache: 'serve-static' => '/home/cosmic/.cache/typescript/4.7/node_modules/@types/serve-static/index.d.ts'
[11:17:57.434] Adding entry into typings cache: 'styled-components' => '/home/cosmic/.cache/typescript/4.7/node_modules/@types/styled-components/index.d.ts'
[11:17:57.434] Finished processing cache location '/home/cosmic/.cache/typescript/4.7'
[11:17:57.434] Process id: 16005
[11:17:57.435] NPM location: /snap/node/6619/bin/npm (explicit '--npmLocation' not  provided)
[11:17:57.435] validateDefaultNpmLocation: false
[11:17:57.435] Npm config file: /home/cosmic/.cache/typescript/4.7/package.json
[11:17:57.435] Updating types-registry npm package...
[11:17:57.435] Exec: /snap/node/6619/bin/npm install --ignore-scripts types-registry@latest
[11:19:08.783]     Succeeded. stdout:
[11:19:08.783] Updated types-registry npm package
[11:19:08.890] Got install request {"projectName":"/dev/null/inferredProject1*","fileNames":["/usr/local/lib/node_modules/typescript/lib/lib.es5.d.ts","/usr/local/lib/node_modules/typescript/lib/lib.es2015.d.ts","/usr/local/lib/node_modules/typescript/lib/lib.es2016.d.ts","/usr/local/lib/node_modules/typescript/lib/lib.dom.d.ts","/usr/local/lib/node_modules/typescript/lib/lib.dom.iterable.d.ts","/usr/local/lib/node_modules/typescript/lib/lib.webworker.importscripts.d.ts","/usr/local/lib/node_modules/typescript/lib/lib.scripthost.d.ts","/usr/local/lib/node_modules/typescript/lib/lib.es2015.core.d.ts","/usr/local/lib/node_modules/typescript/lib/lib.es2015.collection.d.ts","/usr/local/lib/node_modules/typescript/lib/lib.es2015.generator.d.ts","/usr/local/lib/node_modules/typescript/lib/lib.es2015.iterable.d.ts","/usr/local/lib/node_modules/typescript/lib/lib.es2015.promise.d.ts","/usr/local/lib/node_modules/typescript/lib/lib.es2015.proxy.d.ts","/usr/local/lib/node_modules/typescript/lib/lib.es2015.reflect.d.ts","/usr/local/lib/node_modules/typescript/lib/lib.es2015.symbol.d.ts","/usr/local/lib/node_modules/typescript/lib/lib.es2015.symbol.wellknown.d.ts","/usr/local/lib/node_modules/typescript/lib/lib.es2016.array.include.d.ts","/usr/local/lib/node_modules/typescript/lib/lib.es2016.full.d.ts","/home/cosmic/learnIT/src/home/index.js","/home/cosmic/learnIT/src/Data.js","/home/cosmic/learnIT/src/solutions/index.js","/home/cosmic/learnIT/src/solutions/top.js","/home/cosmic/learnIT/src/submit/submit.js","/home/cosmic/learnIT/src/Homeview/homeview.js","/home/cosmic/learnIT/src/entry_page/entry.js","/home/cosmic/learnIT/src/navbar/timer.js","/home/cosmic/learnIT/src/navbar/menuebar.js","/home/cosmic/learnIT/src/App.js"],"compilerOptions":{"module":1,"target":3,"jsx":1,"allowJs":true,"allowSyntheticDefaultImports":true,"allowNonTsExtensions":true,"noEmitForJsFiles":true,"maxNodeModuleJsDepth":2},"typeAcquisition":{"enable":true,"include":[],"exclude":[]},"unresolvedImports":[],"projectRootPath":"/home/cosmic/learnIT/src","kind":"discover"}
[11:19:08.907] Loaded safelist from types map file '/usr/local/lib/node_modules/typescript/lib/typesMap.json'
[11:19:08.907] Explicitly included types: []
[11:19:08.909] Inferred typings from unresolved imports: []
[11:19:08.909] Result: {"cachedTypingPaths":[],"newTypingNames":[],"filesToWatch":["/home/cosmic/learnIT/src/home/bower_components","/home/cosmic/learnIT/src/home/node_modules","/home/cosmic/learnIT/src/bower_components","/home/cosmic/learnIT/src/node_modules","/home/cosmic/learnIT/src/solutions/bower_components","/home/cosmic/learnIT/src/solutions/node_modules","/home/cosmic/learnIT/src/submit/bower_components","/home/cosmic/learnIT/src/submit/node_modules","/home/cosmic/learnIT/src/Homeview/bower_components","/home/cosmic/learnIT/src/Homeview/node_modules","/home/cosmic/learnIT/src/entry_page/bower_components","/home/cosmic/learnIT/src/entry_page/node_modules","/home/cosmic/learnIT/src/navbar/bower_components","/home/cosmic/learnIT/src/navbar/node_modules"]}
[11:19:08.909] Finished typings discovery: {"cachedTypingPaths":[],"newTypingNames":[],"filesToWatch":["/home/cosmic/learnIT/src/home/bower_components","/home/cosmic/learnIT/src/home/node_modules","/home/cosmic/learnIT/src/bower_components","/home/cosmic/learnIT/src/node_modules","/home/cosmic/learnIT/src/solutions/bower_components","/home/cosmic/learnIT/src/solutions/node_modules","/home/cosmic/learnIT/src/submit/bower_components","/home/cosmic/learnIT/src/submit/node_modules","/home/cosmic/learnIT/src/Homeview/bower_components","/home/cosmic/learnIT/src/Homeview/node_modules","/home/cosmic/learnIT/src/entry_page/bower_components","/home/cosmic/learnIT/src/entry_page/node_modules","/home/cosmic/learnIT/src/navbar/bower_components","/home/cosmic/learnIT/src/navbar/node_modules"]}
[11:19:08.910] DirectoryWatcher:: Added:: WatchInfo: /home/cosmic/learnIT/src/home
[11:19:08.910] DirectoryWatcher:: Added:: WatchInfo: /home/cosmic/learnIT/src/home 1 undefined Project: /dev/null/inferredProject1* watcher already invoked: false
[11:19:08.912] Elapsed:: 1.8215540014207363ms DirectoryWatcher:: Added:: WatchInfo: /home/cosmic/learnIT/src/home 1 undefined Project: /dev/null/inferredProject1* watcher already invoked: false
[11:19:08.912] DirectoryWatcher:: Added:: WatchInfo: /home/cosmic/learnIT/src/bower_components
[11:19:08.912] DirectoryWatcher:: Added:: WatchInfo: /home/cosmic/learnIT/src/bower_components 1 undefined Project: /dev/null/inferredProject1* watcher already invoked: false
[11:19:08.913] Elapsed:: 0.7274690009653568ms DirectoryWatcher:: Added:: WatchInfo: /home/cosmic/learnIT/src/bower_components 1 undefined Project: /dev/null/inferredProject1* watcher already invoked: false
[11:19:08.913] DirectoryWatcher:: Added:: WatchInfo: /home/cosmic/learnIT/src/node_modules
[11:19:08.913] DirectoryWatcher:: Added:: WatchInfo: /home/cosmic/learnIT/src/node_modules 1 undefined Project: /dev/null/inferredProject1* watcher already invoked: false
[11:19:08.913] Elapsed:: 0.08502200245857239ms DirectoryWatcher:: Added:: WatchInfo: /home/cosmic/learnIT/src/node_modules 1 undefined Project: /dev/null/inferredProject1* watcher already invoked: false
[11:19:08.914] DirectoryWatcher:: Added:: WatchInfo: /home/cosmic/learnIT/src/solutions
[11:19:08.914] DirectoryWatcher:: Added:: WatchInfo: /home/cosmic/learnIT/src/solutions 1 undefined Project: /dev/null/inferredProject1* watcher already invoked: false
[11:19:08.914] Elapsed:: 0.11463199928402901ms DirectoryWatcher:: Added:: WatchInfo: /home/cosmic/learnIT/src/solutions 1 undefined Project: /dev/null/inferredProject1* watcher already invoked: false
[11:19:08.914] DirectoryWatcher:: Added:: WatchInfo: /home/cosmic/learnIT/src/submit
[11:19:08.914] DirectoryWatcher:: Added:: WatchInfo: /home/cosmic/learnIT/src/submit 1 undefined Project: /dev/null/inferredProject1* watcher already invoked: false
[11:19:08.914] Elapsed:: 0.10867200046777725ms DirectoryWatcher:: Added:: WatchInfo: /home/cosmic/learnIT/src/submit 1 undefined Project: /dev/null/inferredProject1* watcher already invoked: false
[11:19:08.914] DirectoryWatcher:: Added:: WatchInfo: /home/cosmic/learnIT/src/Homeview
[11:19:08.914] DirectoryWatcher:: Added:: WatchInfo: /home/cosmic/learnIT/src/Homeview 1 undefined Project: /dev/null/inferredProject1* watcher already invoked: false
[11:19:08.914] Elapsed:: 0.09765199944376945ms DirectoryWatcher:: Added:: WatchInfo: /home/cosmic/learnIT/src/Homeview 1 undefined Project: /dev/null/inferredProject1* watcher already invoked: false
[11:19:08.914] DirectoryWatcher:: Added:: WatchInfo: /home/cosmic/learnIT/src/entry_page
[11:19:08.914] DirectoryWatcher:: Added:: WatchInfo: /home/cosmic/learnIT/src/entry_page 1 undefined Project: /dev/null/inferredProject1* watcher already invoked: false
[11:19:08.915] Elapsed:: 0.08973800018429756ms DirectoryWatcher:: Added:: WatchInfo: /home/cosmic/learnIT/src/entry_page 1 undefined Project: /dev/null/inferredProject1* watcher already invoked: false
[11:19:08.915] DirectoryWatcher:: Added:: WatchInfo: /home/cosmic/learnIT/src/navbar
[11:19:08.915] DirectoryWatcher:: Added:: WatchInfo: /home/cosmic/learnIT/src/navbar 1 undefined Project: /dev/null/inferredProject1* watcher already invoked: false
[11:19:08.915] Elapsed:: 0.09281899780035019ms DirectoryWatcher:: Added:: WatchInfo: /home/cosmic/learnIT/src/navbar 1 undefined Project: /dev/null/inferredProject1* watcher already invoked: false
[11:19:08.915] Sending response:
    {"projectName":"/dev/null/inferredProject1*","typeAcquisition":{"enable":true,"include":[],"exclude":[]},"compilerOptions":{"module":1,"target":3,"jsx":1,"allowJs":true,"allowSyntheticDefaultImports":true,"allowNonTsExtensions":true,"noEmitForJsFiles":true,"maxNodeModuleJsDepth":2},"typings":[],"unresolvedImports":[],"kind":"action::set"}
[11:19:08.915] Response has been sent.
[11:19:08.915] No new typings were requested as a result of typings discovery
[11:37:50.679] Parent process has exited, shutting down...
