[02:31:22.092] Global cache location '/home/cosmic/.cache/typescript/4.7', safe file path '/usr/local/lib/node_modules/typescript/lib/typingSafeList.json', types map path /usr/local/lib/node_modules/typescript/lib/typesMap.json
[02:31:22.094] Processing cache location '/home/cosmic/.cache/typescript/4.7'
[02:31:22.094] Trying to find '/home/cosmic/.cache/typescript/4.7/package.json'...
[02:31:22.204] Loaded content of '/home/cosmic/.cache/typescript/4.7/package.json': {"private":true,"dependencies":{"types-registry":"^0.1.607"},"devDependencies":{"@types/body-parser":"^1.19.2","@types/co":"^4.6.3","@types/cors":"^2.8.12","@types/express":"^4.17.13","@types/merge-descriptors":"^1.0.1","@types/multer":"^1.4.7","@types/nodemon":"^1.19.2","@types/react":"^18.0.15","@types/react-dom":"^18.0.6","@types/serve-static":"^1.13.10","@types/styled-components":"^5.1.25"}}
[02:31:22.205] Loaded content of '/home/cosmic/.cache/typescript/4.7/package-lock.json'
[02:31:22.294] Adding entry into typings cache: 'body-parser' => '/home/cosmic/.cache/typescript/4.7/node_modules/@types/body-parser/index.d.ts'
[02:31:22.328] Adding entry into typings cache: 'co' => '/home/cosmic/.cache/typescript/4.7/node_modules/@types/co/index.d.ts'
[02:31:22.347] Adding entry into typings cache: 'cors' => '/home/cosmic/.cache/typescript/4.7/node_modules/@types/cors/index.d.ts'
[02:31:22.375] Adding entry into typings cache: 'express' => '/home/cosmic/.cache/typescript/4.7/node_modules/@types/express/index.d.ts'
[02:31:22.406] Adding entry into typings cache: 'merge-descriptors' => '/home/cosmic/.cache/typescript/4.7/node_modules/@types/merge-descriptors/index.d.ts'
[02:31:22.427] Adding entry into typings cache: 'multer' => '/home/cosmic/.cache/typescript/4.7/node_modules/@types/multer/index.d.ts'
[02:31:22.431] Adding entry into typings cache: 'nodemon' => '/home/cosmic/.cache/typescript/4.7/node_modules/@types/nodemon/index.d.ts'
[02:31:22.475] Adding entry into typings cache: 'react' => '/home/cosmic/.cache/typescript/4.7/node_modules/@types/react/index.d.ts'
[02:31:22.522] Adding entry into typings cache: 'react-dom' => '/home/cosmic/.cache/typescript/4.7/node_modules/@types/react-dom/index.d.ts'
[02:31:22.540] Adding entry into typings cache: 'serve-static' => '/home/cosmic/.cache/typescript/4.7/node_modules/@types/serve-static/index.d.ts'
[02:31:22.599] Adding entry into typings cache: 'styled-components' => '/home/cosmic/.cache/typescript/4.7/node_modules/@types/styled-components/index.d.ts'
[02:31:22.599] Finished processing cache location '/home/cosmic/.cache/typescript/4.7'
[02:31:22.599] Process id: 3435
[02:31:22.599] NPM location: /snap/node/6619/bin/npm (explicit '--npmLocation' not  provided)
[02:31:22.599] validateDefaultNpmLocation: false
[02:31:22.599] Npm config file: /home/cosmic/.cache/typescript/4.7/package.json
[02:31:22.599] Updating types-registry npm package...
[02:31:22.600] Exec: /snap/node/6619/bin/npm install --ignore-scripts types-registry@latest
[02:32:33.699]     Succeeded. stdout:
[02:32:33.699] Updated types-registry npm package
[02:32:33.786] Got install request {"projectName":"/dev/null/inferredProject1*","fileNames":["/usr/local/lib/node_modules/typescript/lib/lib.es5.d.ts","/usr/local/lib/node_modules/typescript/lib/lib.es2015.d.ts","/usr/local/lib/node_modules/typescript/lib/lib.es2016.d.ts","/usr/local/lib/node_modules/typescript/lib/lib.dom.d.ts","/usr/local/lib/node_modules/typescript/lib/lib.dom.iterable.d.ts","/usr/local/lib/node_modules/typescript/lib/lib.webworker.importscripts.d.ts","/usr/local/lib/node_modules/typescript/lib/lib.scripthost.d.ts","/usr/local/lib/node_modules/typescript/lib/lib.es2015.core.d.ts","/usr/local/lib/node_modules/typescript/lib/lib.es2015.collection.d.ts","/usr/local/lib/node_modules/typescript/lib/lib.es2015.generator.d.ts","/usr/local/lib/node_modules/typescript/lib/lib.es2015.iterable.d.ts","/usr/local/lib/node_modules/typescript/lib/lib.es2015.promise.d.ts","/usr/local/lib/node_modules/typescript/lib/lib.es2015.proxy.d.ts","/usr/local/lib/node_modules/typescript/lib/lib.es2015.reflect.d.ts","/usr/local/lib/node_modules/typescript/lib/lib.es2015.symbol.d.ts","/usr/local/lib/node_modules/typescript/lib/lib.es2015.symbol.wellknown.d.ts","/usr/local/lib/node_modules/typescript/lib/lib.es2016.array.include.d.ts","/usr/local/lib/node_modules/typescript/lib/lib.es2016.full.d.ts","/home/cosmic/learnIT/src/submit/submit.js"],"compilerOptions":{"module":1,"target":3,"jsx":1,"allowJs":true,"allowSyntheticDefaultImports":true,"allowNonTsExtensions":true,"noEmitForJsFiles":true,"maxNodeModuleJsDepth":2},"typeAcquisition":{"enable":true,"include":[],"exclude":[]},"unresolvedImports":[],"projectRootPath":"/home/cosmic/learnIT/src/submit","kind":"discover"}
[02:32:33.813] Loaded safelist from types map file '/usr/local/lib/node_modules/typescript/lib/typesMap.json'
[02:32:33.814] Explicitly included types: []
[02:32:33.814] Inferred typings from unresolved imports: []
[02:32:33.815] Result: {"cachedTypingPaths":[],"newTypingNames":[],"filesToWatch":["/home/cosmic/learnIT/src/submit/bower_components","/home/cosmic/learnIT/src/submit/node_modules"]}
[02:32:33.815] Finished typings discovery: {"cachedTypingPaths":[],"newTypingNames":[],"filesToWatch":["/home/cosmic/learnIT/src/submit/bower_components","/home/cosmic/learnIT/src/submit/node_modules"]}
[02:32:33.815] DirectoryWatcher:: Added:: WatchInfo: /home/cosmic/learnIT/src/submit/bower_components
[02:32:33.816] DirectoryWatcher:: Added:: WatchInfo: /home/cosmic/learnIT/src/submit/bower_components 1 undefined Project: /dev/null/inferredProject1* watcher already invoked: false
[02:32:33.825] Elapsed:: 8.944412000011653ms DirectoryWatcher:: Added:: WatchInfo: /home/cosmic/learnIT/src/submit/bower_components 1 undefined Project: /dev/null/inferredProject1* watcher already invoked: false
[02:32:33.825] DirectoryWatcher:: Added:: WatchInfo: /home/cosmic/learnIT/src/submit/node_modules
[02:32:33.826] DirectoryWatcher:: Added:: WatchInfo: /home/cosmic/learnIT/src/submit/node_modules 1 undefined Project: /dev/null/inferredProject1* watcher already invoked: false
[02:32:33.826] Elapsed:: 0.20456199999898672ms DirectoryWatcher:: Added:: WatchInfo: /home/cosmic/learnIT/src/submit/node_modules 1 undefined Project: /dev/null/inferredProject1* watcher already invoked: false
[02:32:33.826] Sending response:
    {"projectName":"/dev/null/inferredProject1*","typeAcquisition":{"enable":true,"include":[],"exclude":[]},"compilerOptions":{"module":1,"target":3,"jsx":1,"allowJs":true,"allowSyntheticDefaultImports":true,"allowNonTsExtensions":true,"noEmitForJsFiles":true,"maxNodeModuleJsDepth":2},"typings":[],"unresolvedImports":[],"kind":"action::set"}
[02:32:33.827] Response has been sent.
[02:32:33.827] No new typings were requested as a result of typings discovery
[02:36:40.630] Got install request {"projectName":"/dev/null/inferredProject1*","fileNames":["/usr/local/lib/node_modules/typescript/lib/lib.es5.d.ts","/usr/local/lib/node_modules/typescript/lib/lib.es2015.d.ts","/usr/local/lib/node_modules/typescript/lib/lib.es2016.d.ts","/usr/local/lib/node_modules/typescript/lib/lib.dom.d.ts","/usr/local/lib/node_modules/typescript/lib/lib.dom.iterable.d.ts","/usr/local/lib/node_modules/typescript/lib/lib.webworker.importscripts.d.ts","/usr/local/lib/node_modules/typescript/lib/lib.scripthost.d.ts","/usr/local/lib/node_modules/typescript/lib/lib.es2015.core.d.ts","/usr/local/lib/node_modules/typescript/lib/lib.es2015.collection.d.ts","/usr/local/lib/node_modules/typescript/lib/lib.es2015.generator.d.ts","/usr/local/lib/node_modules/typescript/lib/lib.es2015.iterable.d.ts","/usr/local/lib/node_modules/typescript/lib/lib.es2015.promise.d.ts","/usr/local/lib/node_modules/typescript/lib/lib.es2015.proxy.d.ts","/usr/local/lib/node_modules/typescript/lib/lib.es2015.reflect.d.ts","/usr/local/lib/node_modules/typescript/lib/lib.es2015.symbol.d.ts","/usr/local/lib/node_modules/typescript/lib/lib.es2015.symbol.wellknown.d.ts","/usr/local/lib/node_modules/typescript/lib/lib.es2016.array.include.d.ts","/usr/local/lib/node_modules/typescript/lib/lib.es2016.full.d.ts","/home/cosmic/learnIT/src/submit/submit.js"],"compilerOptions":{"module":1,"target":3,"jsx":1,"allowJs":true,"allowSyntheticDefaultImports":true,"allowNonTsExtensions":true,"noEmitForJsFiles":true,"maxNodeModuleJsDepth":2},"typeAcquisition":{"enable":true,"include":[],"exclude":[]},"unresolvedImports":[],"projectRootPath":"/home/cosmic/learnIT/src/submit","kind":"discover"}
[02:36:40.630] Explicitly included types: []
[02:36:40.630] Inferred typings from unresolved imports: []
[02:36:40.630] Result: {"cachedTypingPaths":[],"newTypingNames":[],"filesToWatch":["/home/cosmic/learnIT/src/submit/bower_components","/home/cosmic/learnIT/src/submit/node_modules"]}
[02:36:40.630] Finished typings discovery: {"cachedTypingPaths":[],"newTypingNames":[],"filesToWatch":["/home/cosmic/learnIT/src/submit/bower_components","/home/cosmic/learnIT/src/submit/node_modules"]}
[02:36:40.631] Sending response:
    {"projectName":"/dev/null/inferredProject1*","typeAcquisition":{"enable":true,"include":[],"exclude":[]},"compilerOptions":{"module":1,"target":3,"jsx":1,"allowJs":true,"allowSyntheticDefaultImports":true,"allowNonTsExtensions":true,"noEmitForJsFiles":true,"maxNodeModuleJsDepth":2},"typings":[],"unresolvedImports":[],"kind":"action::set"}
[02:36:40.631] Response has been sent.
[02:36:40.631] No new typings were requested as a result of typings discovery
[02:42:16.536] Got install request {"projectName":"/dev/null/inferredProject2*","fileNames":["/usr/local/lib/node_modules/typescript/lib/lib.es5.d.ts","/usr/local/lib/node_modules/typescript/lib/lib.es2015.d.ts","/usr/local/lib/node_modules/typescript/lib/lib.es2016.d.ts","/usr/local/lib/node_modules/typescript/lib/lib.dom.d.ts","/usr/local/lib/node_modules/typescript/lib/lib.dom.iterable.d.ts","/usr/local/lib/node_modules/typescript/lib/lib.webworker.importscripts.d.ts","/usr/local/lib/node_modules/typescript/lib/lib.scripthost.d.ts","/usr/local/lib/node_modules/typescript/lib/lib.es2015.core.d.ts","/usr/local/lib/node_modules/typescript/lib/lib.es2015.collection.d.ts","/usr/local/lib/node_modules/typescript/lib/lib.es2015.generator.d.ts","/usr/local/lib/node_modules/typescript/lib/lib.es2015.iterable.d.ts","/usr/local/lib/node_modules/typescript/lib/lib.es2015.promise.d.ts","/usr/local/lib/node_modules/typescript/lib/lib.es2015.proxy.d.ts","/usr/local/lib/node_modules/typescript/lib/lib.es2015.reflect.d.ts","/usr/local/lib/node_modules/typescript/lib/lib.es2015.symbol.d.ts","/usr/local/lib/node_modules/typescript/lib/lib.es2015.symbol.wellknown.d.ts","/usr/local/lib/node_modules/typescript/lib/lib.es2016.array.include.d.ts","/usr/local/lib/node_modules/typescript/lib/lib.es2016.full.d.ts","/home/cosmic/learnIT/src/home/index.js","/home/cosmic/learnIT/src/Data.js","/home/cosmic/learnIT/src/solutions/index.js","/home/cosmic/learnIT/src/solutions/top.js","/home/cosmic/learnIT/src/submit/submit.js","/home/cosmic/learnIT/src/Homeview/homeview.js","/home/cosmic/learnIT/src/entry_page/entry.js","/home/cosmic/learnIT/src/navbar/timer.js","/home/cosmic/learnIT/src/navbar/menuebar.js","/home/cosmic/learnIT/src/App.js"],"compilerOptions":{"module":1,"target":3,"jsx":1,"allowJs":true,"allowSyntheticDefaultImports":true,"allowNonTsExtensions":true,"noEmitForJsFiles":true,"maxNodeModuleJsDepth":2},"typeAcquisition":{"enable":true,"include":[],"exclude":[]},"unresolvedImports":[],"projectRootPath":"/home/cosmic/learnIT/src","kind":"discover"}
[02:42:16.536] Explicitly included types: []
[02:42:16.537] Inferred typings from unresolved imports: []
[02:42:16.537] Result: {"cachedTypingPaths":[],"newTypingNames":[],"filesToWatch":["/home/cosmic/learnIT/src/home/bower_components","/home/cosmic/learnIT/src/home/node_modules","/home/cosmic/learnIT/src/bower_components","/home/cosmic/learnIT/src/node_modules","/home/cosmic/learnIT/src/solutions/bower_components","/home/cosmic/learnIT/src/solutions/node_modules","/home/cosmic/learnIT/src/submit/bower_components","/home/cosmic/learnIT/src/submit/node_modules","/home/cosmic/learnIT/src/Homeview/bower_components","/home/cosmic/learnIT/src/Homeview/node_modules","/home/cosmic/learnIT/src/entry_page/bower_components","/home/cosmic/learnIT/src/entry_page/node_modules","/home/cosmic/learnIT/src/navbar/bower_components","/home/cosmic/learnIT/src/navbar/node_modules"]}
[02:42:16.537] Finished typings discovery: {"cachedTypingPaths":[],"newTypingNames":[],"filesToWatch":["/home/cosmic/learnIT/src/home/bower_components","/home/cosmic/learnIT/src/home/node_modules","/home/cosmic/learnIT/src/bower_components","/home/cosmic/learnIT/src/node_modules","/home/cosmic/learnIT/src/solutions/bower_components","/home/cosmic/learnIT/src/solutions/node_modules","/home/cosmic/learnIT/src/submit/bower_components","/home/cosmic/learnIT/src/submit/node_modules","/home/cosmic/learnIT/src/Homeview/bower_components","/home/cosmic/learnIT/src/Homeview/node_modules","/home/cosmic/learnIT/src/entry_page/bower_components","/home/cosmic/learnIT/src/entry_page/node_modules","/home/cosmic/learnIT/src/navbar/bower_components","/home/cosmic/learnIT/src/navbar/node_modules"]}
[02:42:16.537] DirectoryWatcher:: Added:: WatchInfo: /home/cosmic/learnIT/src/home
[02:42:16.537] DirectoryWatcher:: Added:: WatchInfo: /home/cosmic/learnIT/src/home 1 undefined Project: /dev/null/inferredProject2* watcher already invoked: false
[02:42:16.538] Elapsed:: 0.8864710000343621ms DirectoryWatcher:: Added:: WatchInfo: /home/cosmic/learnIT/src/home 1 undefined Project: /dev/null/inferredProject2* watcher already invoked: false
[02:42:16.538] DirectoryWatcher:: Added:: WatchInfo: /home/cosmic/learnIT/src/bower_components
[02:42:16.538] DirectoryWatcher:: Added:: WatchInfo: /home/cosmic/learnIT/src/bower_components 1 undefined Project: /dev/null/inferredProject2* watcher already invoked: false
[02:42:16.538] Elapsed:: 0.12353500002063811ms DirectoryWatcher:: Added:: WatchInfo: /home/cosmic/learnIT/src/bower_components 1 undefined Project: /dev/null/inferredProject2* watcher already invoked: false
[02:42:16.538] DirectoryWatcher:: Added:: WatchInfo: /home/cosmic/learnIT/src/node_modules
[02:42:16.538] DirectoryWatcher:: Added:: WatchInfo: /home/cosmic/learnIT/src/node_modules 1 undefined Project: /dev/null/inferredProject2* watcher already invoked: false
[02:42:16.538] Elapsed:: 0.09013200015760958ms DirectoryWatcher:: Added:: WatchInfo: /home/cosmic/learnIT/src/node_modules 1 undefined Project: /dev/null/inferredProject2* watcher already invoked: false
[02:42:16.539] DirectoryWatcher:: Added:: WatchInfo: /home/cosmic/learnIT/src/solutions
[02:42:16.539] DirectoryWatcher:: Added:: WatchInfo: /home/cosmic/learnIT/src/solutions 1 undefined Project: /dev/null/inferredProject2* watcher already invoked: false
[02:42:16.539] Elapsed:: 0.12105600000359118ms DirectoryWatcher:: Added:: WatchInfo: /home/cosmic/learnIT/src/solutions 1 undefined Project: /dev/null/inferredProject2* watcher already invoked: false
[02:42:16.539] DirectoryWatcher:: Added:: WatchInfo: /home/cosmic/learnIT/src/submit
[02:42:16.539] DirectoryWatcher:: Added:: WatchInfo: /home/cosmic/learnIT/src/submit 1 undefined Project: /dev/null/inferredProject2* watcher already invoked: false
[02:42:16.539] Elapsed:: 0.11269499990157783ms DirectoryWatcher:: Added:: WatchInfo: /home/cosmic/learnIT/src/submit 1 undefined Project: /dev/null/inferredProject2* watcher already invoked: false
[02:42:16.539] DirectoryWatcher:: Added:: WatchInfo: /home/cosmic/learnIT/src/Homeview
[02:42:16.539] DirectoryWatcher:: Added:: WatchInfo: /home/cosmic/learnIT/src/Homeview 1 undefined Project: /dev/null/inferredProject2* watcher already invoked: false
[02:42:16.539] Elapsed:: 0.13245299994014204ms DirectoryWatcher:: Added:: WatchInfo: /home/cosmic/learnIT/src/Homeview 1 undefined Project: /dev/null/inferredProject2* watcher already invoked: false
[02:42:16.539] DirectoryWatcher:: Added:: WatchInfo: /home/cosmic/learnIT/src/entry_page
[02:42:16.539] DirectoryWatcher:: Added:: WatchInfo: /home/cosmic/learnIT/src/entry_page 1 undefined Project: /dev/null/inferredProject2* watcher already invoked: false
[02:42:16.540] Elapsed:: 0.18790800007991493ms DirectoryWatcher:: Added:: WatchInfo: /home/cosmic/learnIT/src/entry_page 1 undefined Project: /dev/null/inferredProject2* watcher already invoked: false
[02:42:16.540] DirectoryWatcher:: Added:: WatchInfo: /home/cosmic/learnIT/src/navbar
[02:42:16.540] DirectoryWatcher:: Added:: WatchInfo: /home/cosmic/learnIT/src/navbar 1 undefined Project: /dev/null/inferredProject2* watcher already invoked: false
[02:42:16.540] Elapsed:: 0.13173200003802776ms DirectoryWatcher:: Added:: WatchInfo: /home/cosmic/learnIT/src/navbar 1 undefined Project: /dev/null/inferredProject2* watcher already invoked: false
[02:42:16.540] Sending response:
    {"projectName":"/dev/null/inferredProject2*","typeAcquisition":{"enable":true,"include":[],"exclude":[]},"compilerOptions":{"module":1,"target":3,"jsx":1,"allowJs":true,"allowSyntheticDefaultImports":true,"allowNonTsExtensions":true,"noEmitForJsFiles":true,"maxNodeModuleJsDepth":2},"typings":[],"unresolvedImports":[],"kind":"action::set"}
[02:42:16.540] Response has been sent.
[02:42:16.540] No new typings were requested as a result of typings discovery
