[05:08:36.160] Global cache location '/home/cosmic/.cache/typescript/4.7', safe file path '/usr/local/lib/node_modules/typescript/lib/typingSafeList.json', types map path /usr/local/lib/node_modules/typescript/lib/typesMap.json
[05:08:36.183] Processing cache location '/home/cosmic/.cache/typescript/4.7'
[05:08:36.183] Trying to find '/home/cosmic/.cache/typescript/4.7/package.json'...
[05:08:36.317] Loaded content of '/home/cosmic/.cache/typescript/4.7/package.json': {"private":true,"dependencies":{"types-registry":"^0.1.601"},"devDependencies":{"@types/react":"^18.0.15","@types/react-dom":"^18.0.6"}}
[05:08:36.317] Loaded content of '/home/cosmic/.cache/typescript/4.7/package-lock.json'
[05:08:36.399] Adding entry into typings cache: 'react' => '/home/cosmic/.cache/typescript/4.7/node_modules/@types/react/index.d.ts'
[05:08:36.449] Adding entry into typings cache: 'react-dom' => '/home/cosmic/.cache/typescript/4.7/node_modules/@types/react-dom/index.d.ts'
[05:08:36.449] Finished processing cache location '/home/cosmic/.cache/typescript/4.7'
[05:08:36.449] Process id: 3377
[05:08:36.450] NPM location: /snap/node/6488/bin/npm (explicit '--npmLocation' not  provided)
[05:08:36.450] validateDefaultNpmLocation: false
[05:08:36.450] Npm config file: /home/cosmic/.cache/typescript/4.7/package.json
[05:08:36.450] Updating types-registry npm package...
[05:08:36.450] Exec: /snap/node/6488/bin/npm install --ignore-scripts types-registry@latest
[05:09:47.398]     Succeeded. stdout:
[05:09:47.398] Updated types-registry npm package
[05:09:47.469] Got install request {"projectName":"/dev/null/inferredProject1*","fileNames":["/usr/local/lib/node_modules/typescript/lib/lib.es5.d.ts","/usr/local/lib/node_modules/typescript/lib/lib.es2015.d.ts","/usr/local/lib/node_modules/typescript/lib/lib.es2016.d.ts","/usr/local/lib/node_modules/typescript/lib/lib.dom.d.ts","/usr/local/lib/node_modules/typescript/lib/lib.dom.iterable.d.ts","/usr/local/lib/node_modules/typescript/lib/lib.webworker.importscripts.d.ts","/usr/local/lib/node_modules/typescript/lib/lib.scripthost.d.ts","/usr/local/lib/node_modules/typescript/lib/lib.es2015.core.d.ts","/usr/local/lib/node_modules/typescript/lib/lib.es2015.collection.d.ts","/usr/local/lib/node_modules/typescript/lib/lib.es2015.generator.d.ts","/usr/local/lib/node_modules/typescript/lib/lib.es2015.iterable.d.ts","/usr/local/lib/node_modules/typescript/lib/lib.es2015.promise.d.ts","/usr/local/lib/node_modules/typescript/lib/lib.es2015.proxy.d.ts","/usr/local/lib/node_modules/typescript/lib/lib.es2015.reflect.d.ts","/usr/local/lib/node_modules/typescript/lib/lib.es2015.symbol.d.ts","/usr/local/lib/node_modules/typescript/lib/lib.es2015.symbol.wellknown.d.ts","/usr/local/lib/node_modules/typescript/lib/lib.es2016.array.include.d.ts","/usr/local/lib/node_modules/typescript/lib/lib.es2016.full.d.ts","/home/cosmic/learnIT/src/submit/submit.js"],"compilerOptions":{"module":1,"target":3,"jsx":1,"allowJs":true,"allowSyntheticDefaultImports":true,"allowNonTsExtensions":true,"noEmitForJsFiles":true,"maxNodeModuleJsDepth":2},"typeAcquisition":{"enable":true,"include":[],"exclude":[]},"unresolvedImports":[],"projectRootPath":"/home/cosmic/learnIT/src/submit","kind":"discover"}
[05:09:47.487] Loaded safelist from types map file '/usr/local/lib/node_modules/typescript/lib/typesMap.json'
[05:09:47.488] Explicitly included types: []
[05:09:47.489] Inferred typings from unresolved imports: []
[05:09:47.489] Result: {"cachedTypingPaths":[],"newTypingNames":[],"filesToWatch":["/home/cosmic/learnIT/src/submit/bower_components","/home/cosmic/learnIT/src/submit/node_modules"]}
[05:09:47.489] Finished typings discovery: {"cachedTypingPaths":[],"newTypingNames":[],"filesToWatch":["/home/cosmic/learnIT/src/submit/bower_components","/home/cosmic/learnIT/src/submit/node_modules"]}
[05:09:47.489] DirectoryWatcher:: Added:: WatchInfo: /home/cosmic/learnIT/src/submit/bower_components
[05:09:47.489] DirectoryWatcher:: Added:: WatchInfo: /home/cosmic/learnIT/src/submit/bower_components 1 undefined Project: /dev/null/inferredProject1* watcher already invoked: false
[05:09:47.491] Elapsed:: 1.2151820000144653ms DirectoryWatcher:: Added:: WatchInfo: /home/cosmic/learnIT/src/submit/bower_components 1 undefined Project: /dev/null/inferredProject1* watcher already invoked: false
[05:09:47.491] DirectoryWatcher:: Added:: WatchInfo: /home/cosmic/learnIT/src/submit/node_modules
[05:09:47.491] DirectoryWatcher:: Added:: WatchInfo: /home/cosmic/learnIT/src/submit/node_modules 1 undefined Project: /dev/null/inferredProject1* watcher already invoked: false
[05:09:47.491] Elapsed:: 0.09747400000924245ms DirectoryWatcher:: Added:: WatchInfo: /home/cosmic/learnIT/src/submit/node_modules 1 undefined Project: /dev/null/inferredProject1* watcher already invoked: false
[05:09:47.491] Sending response:
    {"projectName":"/dev/null/inferredProject1*","typeAcquisition":{"enable":true,"include":[],"exclude":[]},"compilerOptions":{"module":1,"target":3,"jsx":1,"allowJs":true,"allowSyntheticDefaultImports":true,"allowNonTsExtensions":true,"noEmitForJsFiles":true,"maxNodeModuleJsDepth":2},"typings":[],"unresolvedImports":[],"kind":"action::set"}
[05:09:47.492] Response has been sent.
[05:09:47.492] No new typings were requested as a result of typings discovery
