[07:46:51.543] Global cache location '/home/cosmic/.cache/typescript/4.7', safe file path '/usr/local/lib/node_modules/typescript/lib/typingSafeList.json', types map path /usr/local/lib/node_modules/typescript/lib/typesMap.json
[07:46:51.559] Processing cache location '/home/cosmic/.cache/typescript/4.7'
[07:46:51.559] Trying to find '/home/cosmic/.cache/typescript/4.7/package.json'...
[07:46:51.668] Loaded content of '/home/cosmic/.cache/typescript/4.7/package.json': {"private":true,"dependencies":{"types-registry":"^0.1.602"},"devDependencies":{"@types/body-parser":"^1.19.2","@types/express":"^4.17.13","@types/merge-descriptors":"^1.0.1","@types/multer":"^1.4.7","@types/nodemon":"^1.19.2","@types/react":"^18.0.15","@types/react-dom":"^18.0.6","@types/serve-static":"^1.13.10"}}
[07:46:51.669] Loaded content of '/home/cosmic/.cache/typescript/4.7/package-lock.json'
[07:46:51.776] Adding entry into typings cache: 'body-parser' => '/home/cosmic/.cache/typescript/4.7/node_modules/@types/body-parser/index.d.ts'
[07:46:51.793] Adding entry into typings cache: 'express' => '/home/cosmic/.cache/typescript/4.7/node_modules/@types/express/index.d.ts'
[07:46:51.831] Adding entry into typings cache: 'merge-descriptors' => '/home/cosmic/.cache/typescript/4.7/node_modules/@types/merge-descriptors/index.d.ts'
[07:46:51.852] Adding entry into typings cache: 'multer' => '/home/cosmic/.cache/typescript/4.7/node_modules/@types/multer/index.d.ts'
[07:46:51.856] Adding entry into typings cache: 'nodemon' => '/home/cosmic/.cache/typescript/4.7/node_modules/@types/nodemon/index.d.ts'
[07:46:51.900] Adding entry into typings cache: 'react' => '/home/cosmic/.cache/typescript/4.7/node_modules/@types/react/index.d.ts'
[07:46:51.969] Adding entry into typings cache: 'react-dom' => '/home/cosmic/.cache/typescript/4.7/node_modules/@types/react-dom/index.d.ts'
[07:46:51.986] Adding entry into typings cache: 'serve-static' => '/home/cosmic/.cache/typescript/4.7/node_modules/@types/serve-static/index.d.ts'
[07:46:51.986] Finished processing cache location '/home/cosmic/.cache/typescript/4.7'
[07:46:51.987] Process id: 3183
[07:46:51.987] NPM location: /snap/node/6488/bin/npm (explicit '--npmLocation' not  provided)
[07:46:51.987] validateDefaultNpmLocation: false
[07:46:51.987] Npm config file: /home/cosmic/.cache/typescript/4.7/package.json
[07:46:51.987] Updating types-registry npm package...
[07:46:51.987] Exec: /snap/node/6488/bin/npm install --ignore-scripts types-registry@latest
[07:48:03.039]     Succeeded. stdout:
[07:48:03.039] Updated types-registry npm package
[07:48:03.145] Got install request {"projectName":"/dev/null/inferredProject1*","fileNames":["/usr/local/lib/node_modules/typescript/lib/lib.es5.d.ts","/usr/local/lib/node_modules/typescript/lib/lib.es2015.d.ts","/usr/local/lib/node_modules/typescript/lib/lib.es2016.d.ts","/usr/local/lib/node_modules/typescript/lib/lib.dom.d.ts","/usr/local/lib/node_modules/typescript/lib/lib.dom.iterable.d.ts","/usr/local/lib/node_modules/typescript/lib/lib.webworker.importscripts.d.ts","/usr/local/lib/node_modules/typescript/lib/lib.scripthost.d.ts","/usr/local/lib/node_modules/typescript/lib/lib.es2015.core.d.ts","/usr/local/lib/node_modules/typescript/lib/lib.es2015.collection.d.ts","/usr/local/lib/node_modules/typescript/lib/lib.es2015.generator.d.ts","/usr/local/lib/node_modules/typescript/lib/lib.es2015.iterable.d.ts","/usr/local/lib/node_modules/typescript/lib/lib.es2015.promise.d.ts","/usr/local/lib/node_modules/typescript/lib/lib.es2015.proxy.d.ts","/usr/local/lib/node_modules/typescript/lib/lib.es2015.reflect.d.ts","/usr/local/lib/node_modules/typescript/lib/lib.es2015.symbol.d.ts","/usr/local/lib/node_modules/typescript/lib/lib.es2015.symbol.wellknown.d.ts","/usr/local/lib/node_modules/typescript/lib/lib.es2016.array.include.d.ts","/usr/local/lib/node_modules/typescript/lib/lib.es2016.full.d.ts","/home/cosmic/learnIT/src/submit/submit.js"],"compilerOptions":{"module":1,"target":3,"jsx":1,"allowJs":true,"allowSyntheticDefaultImports":true,"allowNonTsExtensions":true,"noEmitForJsFiles":true,"maxNodeModuleJsDepth":2},"typeAcquisition":{"enable":true,"include":[],"exclude":[]},"unresolvedImports":[],"projectRootPath":"/home/cosmic/learnIT/src/submit","kind":"discover"}
[07:48:03.162] Loaded safelist from types map file '/usr/local/lib/node_modules/typescript/lib/typesMap.json'
[07:48:03.163] Explicitly included types: []
[07:48:03.163] Inferred typings from unresolved imports: []
[07:48:03.163] Result: {"cachedTypingPaths":[],"newTypingNames":[],"filesToWatch":["/home/cosmic/learnIT/src/submit/bower_components","/home/cosmic/learnIT/src/submit/node_modules"]}
[07:48:03.163] Finished typings discovery: {"cachedTypingPaths":[],"newTypingNames":[],"filesToWatch":["/home/cosmic/learnIT/src/submit/bower_components","/home/cosmic/learnIT/src/submit/node_modules"]}
[07:48:03.164] DirectoryWatcher:: Added:: WatchInfo: /home/cosmic/learnIT/src/submit/bower_components
[07:48:03.164] DirectoryWatcher:: Added:: WatchInfo: /home/cosmic/learnIT/src/submit/bower_components 1 undefined Project: /dev/null/inferredProject1* watcher already invoked: false
[07:48:03.165] Elapsed:: 1.2283339999848977ms DirectoryWatcher:: Added:: WatchInfo: /home/cosmic/learnIT/src/submit/bower_components 1 undefined Project: /dev/null/inferredProject1* watcher already invoked: false
[07:48:03.165] DirectoryWatcher:: Added:: WatchInfo: /home/cosmic/learnIT/src/submit/node_modules
[07:48:03.166] DirectoryWatcher:: Added:: WatchInfo: /home/cosmic/learnIT/src/submit/node_modules 1 undefined Project: /dev/null/inferredProject1* watcher already invoked: false
[07:48:03.166] Elapsed:: 0.0964490000042133ms DirectoryWatcher:: Added:: WatchInfo: /home/cosmic/learnIT/src/submit/node_modules 1 undefined Project: /dev/null/inferredProject1* watcher already invoked: false
[07:48:03.166] Sending response:
    {"projectName":"/dev/null/inferredProject1*","typeAcquisition":{"enable":true,"include":[],"exclude":[]},"compilerOptions":{"module":1,"target":3,"jsx":1,"allowJs":true,"allowSyntheticDefaultImports":true,"allowNonTsExtensions":true,"noEmitForJsFiles":true,"maxNodeModuleJsDepth":2},"typings":[],"unresolvedImports":[],"kind":"action::set"}
[07:48:03.166] Response has been sent.
[07:48:03.166] No new typings were requested as a result of typings discovery
[07:59:28.397] Got install request {"projectName":"/dev/null/inferredProject2*","fileNames":["/usr/local/lib/node_modules/typescript/lib/lib.es5.d.ts","/usr/local/lib/node_modules/typescript/lib/lib.es2015.d.ts","/usr/local/lib/node_modules/typescript/lib/lib.es2016.d.ts","/usr/local/lib/node_modules/typescript/lib/lib.dom.d.ts","/usr/local/lib/node_modules/typescript/lib/lib.dom.iterable.d.ts","/usr/local/lib/node_modules/typescript/lib/lib.webworker.importscripts.d.ts","/usr/local/lib/node_modules/typescript/lib/lib.scripthost.d.ts","/usr/local/lib/node_modules/typescript/lib/lib.es2015.core.d.ts","/usr/local/lib/node_modules/typescript/lib/lib.es2015.collection.d.ts","/usr/local/lib/node_modules/typescript/lib/lib.es2015.generator.d.ts","/usr/local/lib/node_modules/typescript/lib/lib.es2015.iterable.d.ts","/usr/local/lib/node_modules/typescript/lib/lib.es2015.promise.d.ts","/usr/local/lib/node_modules/typescript/lib/lib.es2015.proxy.d.ts","/usr/local/lib/node_modules/typescript/lib/lib.es2015.reflect.d.ts","/usr/local/lib/node_modules/typescript/lib/lib.es2015.symbol.d.ts","/usr/local/lib/node_modules/typescript/lib/lib.es2015.symbol.wellknown.d.ts","/usr/local/lib/node_modules/typescript/lib/lib.es2016.array.include.d.ts","/usr/local/lib/node_modules/typescript/lib/lib.es2016.full.d.ts","/home/cosmic/learnIT/src/home/index.js","/home/cosmic/learnIT/src/navbar/timer.js","/home/cosmic/learnIT/src/navbar/nav.js","/home/cosmic/learnIT/src/Data.js","/home/cosmic/learnIT/src/solutions/index.js","/home/cosmic/learnIT/src/solutions/top.js","/home/cosmic/learnIT/src/submit/submit.js","/home/cosmic/learnIT/src/Homeview/homeview.js","/home/cosmic/learnIT/src/entry_page/entry.js","/home/cosmic/learnIT/src/App.js"],"compilerOptions":{"module":1,"target":3,"jsx":1,"allowJs":true,"allowSyntheticDefaultImports":true,"allowNonTsExtensions":true,"noEmitForJsFiles":true,"maxNodeModuleJsDepth":2},"typeAcquisition":{"enable":true,"include":[],"exclude":[]},"unresolvedImports":[],"projectRootPath":"/home/cosmic/learnIT/src","kind":"discover"}
[07:59:28.425] Explicitly included types: []
[07:59:28.426] Inferred typings from unresolved imports: []
[07:59:28.426] Result: {"cachedTypingPaths":[],"newTypingNames":[],"filesToWatch":["/home/cosmic/learnIT/src/home/bower_components","/home/cosmic/learnIT/src/home/node_modules","/home/cosmic/learnIT/src/navbar/bower_components","/home/cosmic/learnIT/src/navbar/node_modules","/home/cosmic/learnIT/src/bower_components","/home/cosmic/learnIT/src/node_modules","/home/cosmic/learnIT/src/solutions/bower_components","/home/cosmic/learnIT/src/solutions/node_modules","/home/cosmic/learnIT/src/submit/bower_components","/home/cosmic/learnIT/src/submit/node_modules","/home/cosmic/learnIT/src/Homeview/bower_components","/home/cosmic/learnIT/src/Homeview/node_modules","/home/cosmic/learnIT/src/entry_page/bower_components","/home/cosmic/learnIT/src/entry_page/node_modules"]}
[07:59:28.426] Finished typings discovery: {"cachedTypingPaths":[],"newTypingNames":[],"filesToWatch":["/home/cosmic/learnIT/src/home/bower_components","/home/cosmic/learnIT/src/home/node_modules","/home/cosmic/learnIT/src/navbar/bower_components","/home/cosmic/learnIT/src/navbar/node_modules","/home/cosmic/learnIT/src/bower_components","/home/cosmic/learnIT/src/node_modules","/home/cosmic/learnIT/src/solutions/bower_components","/home/cosmic/learnIT/src/solutions/node_modules","/home/cosmic/learnIT/src/submit/bower_components","/home/cosmic/learnIT/src/submit/node_modules","/home/cosmic/learnIT/src/Homeview/bower_components","/home/cosmic/learnIT/src/Homeview/node_modules","/home/cosmic/learnIT/src/entry_page/bower_components","/home/cosmic/learnIT/src/entry_page/node_modules"]}
[07:59:28.426] DirectoryWatcher:: Added:: WatchInfo: /home/cosmic/learnIT/src/home
[07:59:28.426] DirectoryWatcher:: Added:: WatchInfo: /home/cosmic/learnIT/src/home 1 undefined Project: /dev/null/inferredProject2* watcher already invoked: false
[07:59:28.586] Elapsed:: 160.6670780000277ms DirectoryWatcher:: Added:: WatchInfo: /home/cosmic/learnIT/src/home 1 undefined Project: /dev/null/inferredProject2* watcher already invoked: false
[07:59:28.587] DirectoryWatcher:: Added:: WatchInfo: /home/cosmic/learnIT/src/navbar
[07:59:28.587] DirectoryWatcher:: Added:: WatchInfo: /home/cosmic/learnIT/src/navbar 1 undefined Project: /dev/null/inferredProject2* watcher already invoked: false
[07:59:28.587] Elapsed:: 0.20950999995693564ms DirectoryWatcher:: Added:: WatchInfo: /home/cosmic/learnIT/src/navbar 1 undefined Project: /dev/null/inferredProject2* watcher already invoked: false
[07:59:28.587] DirectoryWatcher:: Added:: WatchInfo: /home/cosmic/learnIT/src/bower_components
[07:59:28.587] DirectoryWatcher:: Added:: WatchInfo: /home/cosmic/learnIT/src/bower_components 1 undefined Project: /dev/null/inferredProject2* watcher already invoked: false
[07:59:28.588] Elapsed:: 0.1743199999909848ms DirectoryWatcher:: Added:: WatchInfo: /home/cosmic/learnIT/src/bower_components 1 undefined Project: /dev/null/inferredProject2* watcher already invoked: false
[07:59:28.588] DirectoryWatcher:: Added:: WatchInfo: /home/cosmic/learnIT/src/node_modules
[07:59:28.588] DirectoryWatcher:: Added:: WatchInfo: /home/cosmic/learnIT/src/node_modules 1 undefined Project: /dev/null/inferredProject2* watcher already invoked: false
[07:59:28.588] Elapsed:: 0.1173789999447763ms DirectoryWatcher:: Added:: WatchInfo: /home/cosmic/learnIT/src/node_modules 1 undefined Project: /dev/null/inferredProject2* watcher already invoked: false
[07:59:28.588] DirectoryWatcher:: Added:: WatchInfo: /home/cosmic/learnIT/src/solutions
[07:59:28.588] DirectoryWatcher:: Added:: WatchInfo: /home/cosmic/learnIT/src/solutions 1 undefined Project: /dev/null/inferredProject2* watcher already invoked: false
[07:59:28.588] Elapsed:: 0.3177259999793023ms DirectoryWatcher:: Added:: WatchInfo: /home/cosmic/learnIT/src/solutions 1 undefined Project: /dev/null/inferredProject2* watcher already invoked: false
[07:59:28.589] DirectoryWatcher:: Added:: WatchInfo: /home/cosmic/learnIT/src/submit
[07:59:28.589] DirectoryWatcher:: Added:: WatchInfo: /home/cosmic/learnIT/src/submit 1 undefined Project: /dev/null/inferredProject2* watcher already invoked: false
[07:59:28.589] Elapsed:: 0.22678799997083843ms DirectoryWatcher:: Added:: WatchInfo: /home/cosmic/learnIT/src/submit 1 undefined Project: /dev/null/inferredProject2* watcher already invoked: false
[07:59:28.589] DirectoryWatcher:: Added:: WatchInfo: /home/cosmic/learnIT/src/Homeview
[07:59:28.589] DirectoryWatcher:: Added:: WatchInfo: /home/cosmic/learnIT/src/Homeview 1 undefined Project: /dev/null/inferredProject2* watcher already invoked: false
[07:59:28.589] Elapsed:: 0.2915110000176355ms DirectoryWatcher:: Added:: WatchInfo: /home/cosmic/learnIT/src/Homeview 1 undefined Project: /dev/null/inferredProject2* watcher already invoked: false
[07:59:28.590] DirectoryWatcher:: Added:: WatchInfo: /home/cosmic/learnIT/src/entry_page
[07:59:28.590] DirectoryWatcher:: Added:: WatchInfo: /home/cosmic/learnIT/src/entry_page 1 undefined Project: /dev/null/inferredProject2* watcher already invoked: false
[07:59:28.590] Elapsed:: 0.2966139999916777ms DirectoryWatcher:: Added:: WatchInfo: /home/cosmic/learnIT/src/entry_page 1 undefined Project: /dev/null/inferredProject2* watcher already invoked: false
[07:59:28.590] Sending response:
    {"projectName":"/dev/null/inferredProject2*","typeAcquisition":{"enable":true,"include":[],"exclude":[]},"compilerOptions":{"module":1,"target":3,"jsx":1,"allowJs":true,"allowSyntheticDefaultImports":true,"allowNonTsExtensions":true,"noEmitForJsFiles":true,"maxNodeModuleJsDepth":2},"typings":[],"unresolvedImports":[],"kind":"action::set"}
[07:59:28.590] Response has been sent.
[07:59:28.590] No new typings were requested as a result of typings discovery
[07:59:54.920] Got install request {"projectName":"/dev/null/inferredProject2*","fileNames":["/usr/local/lib/node_modules/typescript/lib/lib.es5.d.ts","/usr/local/lib/node_modules/typescript/lib/lib.es2015.d.ts","/usr/local/lib/node_modules/typescript/lib/lib.es2016.d.ts","/usr/local/lib/node_modules/typescript/lib/lib.dom.d.ts","/usr/local/lib/node_modules/typescript/lib/lib.dom.iterable.d.ts","/usr/local/lib/node_modules/typescript/lib/lib.webworker.importscripts.d.ts","/usr/local/lib/node_modules/typescript/lib/lib.scripthost.d.ts","/usr/local/lib/node_modules/typescript/lib/lib.es2015.core.d.ts","/usr/local/lib/node_modules/typescript/lib/lib.es2015.collection.d.ts","/usr/local/lib/node_modules/typescript/lib/lib.es2015.generator.d.ts","/usr/local/lib/node_modules/typescript/lib/lib.es2015.iterable.d.ts","/usr/local/lib/node_modules/typescript/lib/lib.es2015.promise.d.ts","/usr/local/lib/node_modules/typescript/lib/lib.es2015.proxy.d.ts","/usr/local/lib/node_modules/typescript/lib/lib.es2015.reflect.d.ts","/usr/local/lib/node_modules/typescript/lib/lib.es2015.symbol.d.ts","/usr/local/lib/node_modules/typescript/lib/lib.es2015.symbol.wellknown.d.ts","/usr/local/lib/node_modules/typescript/lib/lib.es2016.array.include.d.ts","/usr/local/lib/node_modules/typescript/lib/lib.es2016.full.d.ts","/home/cosmic/learnIT/src/home/index.js","/home/cosmic/learnIT/src/navbar/timer.js","/home/cosmic/learnIT/src/navbar/nav.js","/home/cosmic/learnIT/src/Data.js","/home/cosmic/learnIT/src/solutions/index.js","/home/cosmic/learnIT/src/solutions/top.js","/home/cosmic/learnIT/src/Homeview/homeview.js","/home/cosmic/learnIT/src/entry_page/entry.js","/home/cosmic/learnIT/src/App.js"],"compilerOptions":{"module":1,"target":3,"jsx":1,"allowJs":true,"allowSyntheticDefaultImports":true,"allowNonTsExtensions":true,"noEmitForJsFiles":true,"maxNodeModuleJsDepth":2},"typeAcquisition":{"enable":true,"include":[],"exclude":[]},"unresolvedImports":[],"projectRootPath":"/home/cosmic/learnIT/src","kind":"discover"}
[07:59:54.920] Explicitly included types: []
[07:59:54.921] Inferred typings from unresolved imports: []
[07:59:54.921] Result: {"cachedTypingPaths":[],"newTypingNames":[],"filesToWatch":["/home/cosmic/learnIT/src/home/bower_components","/home/cosmic/learnIT/src/home/node_modules","/home/cosmic/learnIT/src/navbar/bower_components","/home/cosmic/learnIT/src/navbar/node_modules","/home/cosmic/learnIT/src/bower_components","/home/cosmic/learnIT/src/node_modules","/home/cosmic/learnIT/src/solutions/bower_components","/home/cosmic/learnIT/src/solutions/node_modules","/home/cosmic/learnIT/src/Homeview/bower_components","/home/cosmic/learnIT/src/Homeview/node_modules","/home/cosmic/learnIT/src/entry_page/bower_components","/home/cosmic/learnIT/src/entry_page/node_modules"]}
[07:59:54.921] Finished typings discovery: {"cachedTypingPaths":[],"newTypingNames":[],"filesToWatch":["/home/cosmic/learnIT/src/home/bower_components","/home/cosmic/learnIT/src/home/node_modules","/home/cosmic/learnIT/src/navbar/bower_components","/home/cosmic/learnIT/src/navbar/node_modules","/home/cosmic/learnIT/src/bower_components","/home/cosmic/learnIT/src/node_modules","/home/cosmic/learnIT/src/solutions/bower_components","/home/cosmic/learnIT/src/solutions/node_modules","/home/cosmic/learnIT/src/Homeview/bower_components","/home/cosmic/learnIT/src/Homeview/node_modules","/home/cosmic/learnIT/src/entry_page/bower_components","/home/cosmic/learnIT/src/entry_page/node_modules"]}
[07:59:54.922] DirectoryWatcher:: Closed:: WatchInfo: /home/cosmic/learnIT/src/submit
[07:59:54.922] DirectoryWatcher:: Close:: WatchInfo: /home/cosmic/learnIT/src/submit 1 undefined Project: /dev/null/inferredProject2* watcher already invoked: false
[07:59:54.923] Elapsed:: 0.47449999989476055ms DirectoryWatcher:: Close:: WatchInfo: /home/cosmic/learnIT/src/submit 1 undefined Project: /dev/null/inferredProject2* watcher already invoked: false
[07:59:54.923] Sending response:
    {"projectName":"/dev/null/inferredProject2*","typeAcquisition":{"enable":true,"include":[],"exclude":[]},"compilerOptions":{"module":1,"target":3,"jsx":1,"allowJs":true,"allowSyntheticDefaultImports":true,"allowNonTsExtensions":true,"noEmitForJsFiles":true,"maxNodeModuleJsDepth":2},"typings":[],"unresolvedImports":[],"kind":"action::set"}
[07:59:54.923] Response has been sent.
[07:59:54.923] No new typings were requested as a result of typings discovery
[07:59:56.735] Got install request {"projectName":"/dev/null/inferredProject2*","fileNames":["/usr/local/lib/node_modules/typescript/lib/lib.es5.d.ts","/usr/local/lib/node_modules/typescript/lib/lib.es2015.d.ts","/usr/local/lib/node_modules/typescript/lib/lib.es2016.d.ts","/usr/local/lib/node_modules/typescript/lib/lib.dom.d.ts","/usr/local/lib/node_modules/typescript/lib/lib.dom.iterable.d.ts","/usr/local/lib/node_modules/typescript/lib/lib.webworker.importscripts.d.ts","/usr/local/lib/node_modules/typescript/lib/lib.scripthost.d.ts","/usr/local/lib/node_modules/typescript/lib/lib.es2015.core.d.ts","/usr/local/lib/node_modules/typescript/lib/lib.es2015.collection.d.ts","/usr/local/lib/node_modules/typescript/lib/lib.es2015.generator.d.ts","/usr/local/lib/node_modules/typescript/lib/lib.es2015.iterable.d.ts","/usr/local/lib/node_modules/typescript/lib/lib.es2015.promise.d.ts","/usr/local/lib/node_modules/typescript/lib/lib.es2015.proxy.d.ts","/usr/local/lib/node_modules/typescript/lib/lib.es2015.reflect.d.ts","/usr/local/lib/node_modules/typescript/lib/lib.es2015.symbol.d.ts","/usr/local/lib/node_modules/typescript/lib/lib.es2015.symbol.wellknown.d.ts","/usr/local/lib/node_modules/typescript/lib/lib.es2016.array.include.d.ts","/usr/local/lib/node_modules/typescript/lib/lib.es2016.full.d.ts","/home/cosmic/learnIT/src/home/index.js","/home/cosmic/learnIT/src/navbar/timer.js","/home/cosmic/learnIT/src/navbar/nav.js","/home/cosmic/learnIT/src/Data.js","/home/cosmic/learnIT/src/solutions/index.js","/home/cosmic/learnIT/src/solutions/top.js","/home/cosmic/learnIT/src/submit/submit.js","/home/cosmic/learnIT/src/Homeview/homeview.js","/home/cosmic/learnIT/src/entry_page/entry.js","/home/cosmic/learnIT/src/App.js"],"compilerOptions":{"module":1,"target":3,"jsx":1,"allowJs":true,"allowSyntheticDefaultImports":true,"allowNonTsExtensions":true,"noEmitForJsFiles":true,"maxNodeModuleJsDepth":2},"typeAcquisition":{"enable":true,"include":[],"exclude":[]},"unresolvedImports":[],"projectRootPath":"/home/cosmic/learnIT/src","kind":"discover"}
[07:59:56.735] Explicitly included types: []
[07:59:56.735] Inferred typings from unresolved imports: []
[07:59:56.736] Result: {"cachedTypingPaths":[],"newTypingNames":[],"filesToWatch":["/home/cosmic/learnIT/src/home/bower_components","/home/cosmic/learnIT/src/home/node_modules","/home/cosmic/learnIT/src/navbar/bower_components","/home/cosmic/learnIT/src/navbar/node_modules","/home/cosmic/learnIT/src/bower_components","/home/cosmic/learnIT/src/node_modules","/home/cosmic/learnIT/src/solutions/bower_components","/home/cosmic/learnIT/src/solutions/node_modules","/home/cosmic/learnIT/src/submit/bower_components","/home/cosmic/learnIT/src/submit/node_modules","/home/cosmic/learnIT/src/Homeview/bower_components","/home/cosmic/learnIT/src/Homeview/node_modules","/home/cosmic/learnIT/src/entry_page/bower_components","/home/cosmic/learnIT/src/entry_page/node_modules"]}
[07:59:56.736] Finished typings discovery: {"cachedTypingPaths":[],"newTypingNames":[],"filesToWatch":["/home/cosmic/learnIT/src/home/bower_components","/home/cosmic/learnIT/src/home/node_modules","/home/cosmic/learnIT/src/navbar/bower_components","/home/cosmic/learnIT/src/navbar/node_modules","/home/cosmic/learnIT/src/bower_components","/home/cosmic/learnIT/src/node_modules","/home/cosmic/learnIT/src/solutions/bower_components","/home/cosmic/learnIT/src/solutions/node_modules","/home/cosmic/learnIT/src/submit/bower_components","/home/cosmic/learnIT/src/submit/node_modules","/home/cosmic/learnIT/src/Homeview/bower_components","/home/cosmic/learnIT/src/Homeview/node_modules","/home/cosmic/learnIT/src/entry_page/bower_components","/home/cosmic/learnIT/src/entry_page/node_modules"]}
[07:59:56.736] DirectoryWatcher:: Added:: WatchInfo: /home/cosmic/learnIT/src/submit
[07:59:56.736] DirectoryWatcher:: Added:: WatchInfo: /home/cosmic/learnIT/src/submit 1 undefined Project: /dev/null/inferredProject2* watcher already invoked: false
[07:59:56.736] Elapsed:: 0.26711799995973706ms DirectoryWatcher:: Added:: WatchInfo: /home/cosmic/learnIT/src/submit 1 undefined Project: /dev/null/inferredProject2* watcher already invoked: false
[07:59:56.737] Sending response:
    {"projectName":"/dev/null/inferredProject2*","typeAcquisition":{"enable":true,"include":[],"exclude":[]},"compilerOptions":{"module":1,"target":3,"jsx":1,"allowJs":true,"allowSyntheticDefaultImports":true,"allowNonTsExtensions":true,"noEmitForJsFiles":true,"maxNodeModuleJsDepth":2},"typings":[],"unresolvedImports":[],"kind":"action::set"}
[07:59:56.737] Response has been sent.
[07:59:56.737] No new typings were requested as a result of typings discovery
