[05:38:09.126] Global cache location '/home/cosmic/.cache/typescript/4.7', safe file path '/home/cosmic/learnIT/node_modules/typescript/lib/typingSafeList.json', types map path /home/cosmic/learnIT/node_modules/typescript/lib/typesMap.json
[05:38:09.128] Processing cache location '/home/cosmic/.cache/typescript/4.7'
[05:38:09.128] Trying to find '/home/cosmic/.cache/typescript/4.7/package.json'...
[05:38:09.149] Loaded content of '/home/cosmic/.cache/typescript/4.7/package.json': {"private":true,"dependencies":{"types-registry":"^0.1.601"},"devDependencies":{"@types/react":"^18.0.15","@types/react-dom":"^18.0.6"}}
[05:38:09.149] Loaded content of '/home/cosmic/.cache/typescript/4.7/package-lock.json'
[05:38:09.200] Adding entry into typings cache: 'react' => '/home/cosmic/.cache/typescript/4.7/node_modules/@types/react/index.d.ts'
[05:38:09.205] Adding entry into typings cache: 'react-dom' => '/home/cosmic/.cache/typescript/4.7/node_modules/@types/react-dom/index.d.ts'
[05:38:09.205] Finished processing cache location '/home/cosmic/.cache/typescript/4.7'
[05:38:09.205] Process id: 5926
[05:38:09.206] NPM location: /snap/node/6488/bin/npm (explicit '--npmLocation' not  provided)
[05:38:09.206] validateDefaultNpmLocation: false
[05:38:09.206] Npm config file: /home/cosmic/.cache/typescript/4.7/package.json
[05:38:09.206] Updating types-registry npm package...
[05:38:09.207] Exec: /snap/node/6488/bin/npm install --ignore-scripts types-registry@latest
[05:39:20.608]     Succeeded. stdout:
[05:39:20.608] Updated types-registry npm package
[05:39:20.671] Got install request {"projectName":"/dev/null/inferredProject1*","fileNames":["/home/cosmic/learnIT/node_modules/typescript/lib/lib.es5.d.ts","/home/cosmic/learnIT/node_modules/typescript/lib/lib.es2015.d.ts","/home/cosmic/learnIT/node_modules/typescript/lib/lib.es2016.d.ts","/home/cosmic/learnIT/node_modules/typescript/lib/lib.dom.d.ts","/home/cosmic/learnIT/node_modules/typescript/lib/lib.dom.iterable.d.ts","/home/cosmic/learnIT/node_modules/typescript/lib/lib.webworker.importscripts.d.ts","/home/cosmic/learnIT/node_modules/typescript/lib/lib.scripthost.d.ts","/home/cosmic/learnIT/node_modules/typescript/lib/lib.es2015.core.d.ts","/home/cosmic/learnIT/node_modules/typescript/lib/lib.es2015.collection.d.ts","/home/cosmic/learnIT/node_modules/typescript/lib/lib.es2015.generator.d.ts","/home/cosmic/learnIT/node_modules/typescript/lib/lib.es2015.iterable.d.ts","/home/cosmic/learnIT/node_modules/typescript/lib/lib.es2015.promise.d.ts","/home/cosmic/learnIT/node_modules/typescript/lib/lib.es2015.proxy.d.ts","/home/cosmic/learnIT/node_modules/typescript/lib/lib.es2015.reflect.d.ts","/home/cosmic/learnIT/node_modules/typescript/lib/lib.es2015.symbol.d.ts","/home/cosmic/learnIT/node_modules/typescript/lib/lib.es2015.symbol.wellknown.d.ts","/home/cosmic/learnIT/node_modules/typescript/lib/lib.es2016.array.include.d.ts","/home/cosmic/learnIT/node_modules/typescript/lib/lib.es2016.full.d.ts","/home/cosmic/learnIT/src/submit/submit.js"],"compilerOptions":{"module":1,"target":3,"jsx":1,"allowJs":true,"allowSyntheticDefaultImports":true,"allowNonTsExtensions":true,"noEmitForJsFiles":true,"maxNodeModuleJsDepth":2},"typeAcquisition":{"enable":true,"include":[],"exclude":[]},"unresolvedImports":[],"projectRootPath":"/home/cosmic/learnIT/src/submit","kind":"discover"}
[05:39:20.689] Loaded safelist from types map file '/home/cosmic/learnIT/node_modules/typescript/lib/typesMap.json'
[05:39:20.689] Explicitly included types: []
[05:39:20.690] Inferred typings from unresolved imports: []
[05:39:20.690] Result: {"cachedTypingPaths":[],"newTypingNames":[],"filesToWatch":["/home/cosmic/learnIT/src/submit/bower_components","/home/cosmic/learnIT/src/submit/node_modules"]}
[05:39:20.690] Finished typings discovery: {"cachedTypingPaths":[],"newTypingNames":[],"filesToWatch":["/home/cosmic/learnIT/src/submit/bower_components","/home/cosmic/learnIT/src/submit/node_modules"]}
[05:39:20.690] DirectoryWatcher:: Added:: WatchInfo: /home/cosmic/learnIT/src/submit/bower_components
[05:39:20.691] DirectoryWatcher:: Added:: WatchInfo: /home/cosmic/learnIT/src/submit/bower_components 1 undefined Project: /dev/null/inferredProject1* watcher already invoked: false
[05:39:20.692] Elapsed:: 1.1334259998984635ms DirectoryWatcher:: Added:: WatchInfo: /home/cosmic/learnIT/src/submit/bower_components 1 undefined Project: /dev/null/inferredProject1* watcher already invoked: false
[05:39:20.692] DirectoryWatcher:: Added:: WatchInfo: /home/cosmic/learnIT/src/submit/node_modules
[05:39:20.692] DirectoryWatcher:: Added:: WatchInfo: /home/cosmic/learnIT/src/submit/node_modules 1 undefined Project: /dev/null/inferredProject1* watcher already invoked: false
[05:39:20.692] Elapsed:: 0.09369000000879169ms DirectoryWatcher:: Added:: WatchInfo: /home/cosmic/learnIT/src/submit/node_modules 1 undefined Project: /dev/null/inferredProject1* watcher already invoked: false
[05:39:20.692] Sending response:
    {"projectName":"/dev/null/inferredProject1*","typeAcquisition":{"enable":true,"include":[],"exclude":[]},"compilerOptions":{"module":1,"target":3,"jsx":1,"allowJs":true,"allowSyntheticDefaultImports":true,"allowNonTsExtensions":true,"noEmitForJsFiles":true,"maxNodeModuleJsDepth":2},"typings":[],"unresolvedImports":[],"kind":"action::set"}
[05:39:20.693] Response has been sent.
[05:39:20.693] No new typings were requested as a result of typings discovery
[05:40:09.440] Got install request {"projectName":"/dev/null/inferredProject1*","fileNames":["/home/cosmic/learnIT/node_modules/typescript/lib/lib.es5.d.ts","/home/cosmic/learnIT/node_modules/typescript/lib/lib.es2015.d.ts","/home/cosmic/learnIT/node_modules/typescript/lib/lib.es2016.d.ts","/home/cosmic/learnIT/node_modules/typescript/lib/lib.dom.d.ts","/home/cosmic/learnIT/node_modules/typescript/lib/lib.dom.iterable.d.ts","/home/cosmic/learnIT/node_modules/typescript/lib/lib.webworker.importscripts.d.ts","/home/cosmic/learnIT/node_modules/typescript/lib/lib.scripthost.d.ts","/home/cosmic/learnIT/node_modules/typescript/lib/lib.es2015.core.d.ts","/home/cosmic/learnIT/node_modules/typescript/lib/lib.es2015.collection.d.ts","/home/cosmic/learnIT/node_modules/typescript/lib/lib.es2015.generator.d.ts","/home/cosmic/learnIT/node_modules/typescript/lib/lib.es2015.iterable.d.ts","/home/cosmic/learnIT/node_modules/typescript/lib/lib.es2015.promise.d.ts","/home/cosmic/learnIT/node_modules/typescript/lib/lib.es2015.proxy.d.ts","/home/cosmic/learnIT/node_modules/typescript/lib/lib.es2015.reflect.d.ts","/home/cosmic/learnIT/node_modules/typescript/lib/lib.es2015.symbol.d.ts","/home/cosmic/learnIT/node_modules/typescript/lib/lib.es2015.symbol.wellknown.d.ts","/home/cosmic/learnIT/node_modules/typescript/lib/lib.es2016.array.include.d.ts","/home/cosmic/learnIT/node_modules/typescript/lib/lib.es2016.full.d.ts","/home/cosmic/learnIT/src/submit/submit.js"],"compilerOptions":{"module":1,"target":3,"jsx":1,"allowJs":true,"allowSyntheticDefaultImports":true,"allowNonTsExtensions":true,"noEmitForJsFiles":true,"maxNodeModuleJsDepth":2},"typeAcquisition":{"enable":true,"include":[],"exclude":[]},"unresolvedImports":[],"projectRootPath":"/home/cosmic/learnIT/src/submit","kind":"discover"}
[05:40:09.440] Explicitly included types: []
[05:40:09.440] Inferred typings from unresolved imports: []
[05:40:09.440] Result: {"cachedTypingPaths":[],"newTypingNames":[],"filesToWatch":["/home/cosmic/learnIT/src/submit/bower_components","/home/cosmic/learnIT/src/submit/node_modules"]}
[05:40:09.440] Finished typings discovery: {"cachedTypingPaths":[],"newTypingNames":[],"filesToWatch":["/home/cosmic/learnIT/src/submit/bower_components","/home/cosmic/learnIT/src/submit/node_modules"]}
[05:40:09.441] Sending response:
    {"projectName":"/dev/null/inferredProject1*","typeAcquisition":{"enable":true,"include":[],"exclude":[]},"compilerOptions":{"module":1,"target":3,"jsx":1,"allowJs":true,"allowSyntheticDefaultImports":true,"allowNonTsExtensions":true,"noEmitForJsFiles":true,"maxNodeModuleJsDepth":2},"typings":[],"unresolvedImports":[],"kind":"action::set"}
[05:40:09.441] Response has been sent.
[05:40:09.441] No new typings were requested as a result of typings discovery
[05:40:10.959] Got install request {"projectName":"/dev/null/inferredProject1*","fileNames":["/home/cosmic/learnIT/node_modules/typescript/lib/lib.es5.d.ts","/home/cosmic/learnIT/node_modules/typescript/lib/lib.es2015.d.ts","/home/cosmic/learnIT/node_modules/typescript/lib/lib.es2016.d.ts","/home/cosmic/learnIT/node_modules/typescript/lib/lib.dom.d.ts","/home/cosmic/learnIT/node_modules/typescript/lib/lib.dom.iterable.d.ts","/home/cosmic/learnIT/node_modules/typescript/lib/lib.webworker.importscripts.d.ts","/home/cosmic/learnIT/node_modules/typescript/lib/lib.scripthost.d.ts","/home/cosmic/learnIT/node_modules/typescript/lib/lib.es2015.core.d.ts","/home/cosmic/learnIT/node_modules/typescript/lib/lib.es2015.collection.d.ts","/home/cosmic/learnIT/node_modules/typescript/lib/lib.es2015.generator.d.ts","/home/cosmic/learnIT/node_modules/typescript/lib/lib.es2015.iterable.d.ts","/home/cosmic/learnIT/node_modules/typescript/lib/lib.es2015.promise.d.ts","/home/cosmic/learnIT/node_modules/typescript/lib/lib.es2015.proxy.d.ts","/home/cosmic/learnIT/node_modules/typescript/lib/lib.es2015.reflect.d.ts","/home/cosmic/learnIT/node_modules/typescript/lib/lib.es2015.symbol.d.ts","/home/cosmic/learnIT/node_modules/typescript/lib/lib.es2015.symbol.wellknown.d.ts","/home/cosmic/learnIT/node_modules/typescript/lib/lib.es2016.array.include.d.ts","/home/cosmic/learnIT/node_modules/typescript/lib/lib.es2016.full.d.ts","/home/cosmic/learnIT/src/submit/submit.js"],"compilerOptions":{"module":1,"target":3,"jsx":1,"allowJs":true,"allowSyntheticDefaultImports":true,"allowNonTsExtensions":true,"noEmitForJsFiles":true,"maxNodeModuleJsDepth":2},"typeAcquisition":{"enable":true,"include":[],"exclude":[]},"unresolvedImports":[],"projectRootPath":"/home/cosmic/learnIT/src/submit","kind":"discover"}
[05:40:10.959] Explicitly included types: []
[05:40:10.960] Inferred typings from unresolved imports: []
[05:40:10.960] Result: {"cachedTypingPaths":[],"newTypingNames":[],"filesToWatch":["/home/cosmic/learnIT/src/submit/bower_components","/home/cosmic/learnIT/src/submit/node_modules"]}
[05:40:10.960] Finished typings discovery: {"cachedTypingPaths":[],"newTypingNames":[],"filesToWatch":["/home/cosmic/learnIT/src/submit/bower_components","/home/cosmic/learnIT/src/submit/node_modules"]}
[05:40:10.960] Sending response:
    {"projectName":"/dev/null/inferredProject1*","typeAcquisition":{"enable":true,"include":[],"exclude":[]},"compilerOptions":{"module":1,"target":3,"jsx":1,"allowJs":true,"allowSyntheticDefaultImports":true,"allowNonTsExtensions":true,"noEmitForJsFiles":true,"maxNodeModuleJsDepth":2},"typings":[],"unresolvedImports":[],"kind":"action::set"}
[05:40:10.960] Response has been sent.
[05:40:10.960] No new typings were requested as a result of typings discovery
[05:40:12.327] Got install request {"projectName":"/dev/null/inferredProject1*","fileNames":["/home/cosmic/learnIT/node_modules/typescript/lib/lib.es5.d.ts","/home/cosmic/learnIT/node_modules/typescript/lib/lib.es2015.d.ts","/home/cosmic/learnIT/node_modules/typescript/lib/lib.es2016.d.ts","/home/cosmic/learnIT/node_modules/typescript/lib/lib.dom.d.ts","/home/cosmic/learnIT/node_modules/typescript/lib/lib.dom.iterable.d.ts","/home/cosmic/learnIT/node_modules/typescript/lib/lib.webworker.importscripts.d.ts","/home/cosmic/learnIT/node_modules/typescript/lib/lib.scripthost.d.ts","/home/cosmic/learnIT/node_modules/typescript/lib/lib.es2015.core.d.ts","/home/cosmic/learnIT/node_modules/typescript/lib/lib.es2015.collection.d.ts","/home/cosmic/learnIT/node_modules/typescript/lib/lib.es2015.generator.d.ts","/home/cosmic/learnIT/node_modules/typescript/lib/lib.es2015.iterable.d.ts","/home/cosmic/learnIT/node_modules/typescript/lib/lib.es2015.promise.d.ts","/home/cosmic/learnIT/node_modules/typescript/lib/lib.es2015.proxy.d.ts","/home/cosmic/learnIT/node_modules/typescript/lib/lib.es2015.reflect.d.ts","/home/cosmic/learnIT/node_modules/typescript/lib/lib.es2015.symbol.d.ts","/home/cosmic/learnIT/node_modules/typescript/lib/lib.es2015.symbol.wellknown.d.ts","/home/cosmic/learnIT/node_modules/typescript/lib/lib.es2016.array.include.d.ts","/home/cosmic/learnIT/node_modules/typescript/lib/lib.es2016.full.d.ts","/home/cosmic/learnIT/src/submit/submit.js"],"compilerOptions":{"module":1,"target":3,"jsx":1,"allowJs":true,"allowSyntheticDefaultImports":true,"allowNonTsExtensions":true,"noEmitForJsFiles":true,"maxNodeModuleJsDepth":2},"typeAcquisition":{"enable":true,"include":[],"exclude":[]},"unresolvedImports":[],"projectRootPath":"/home/cosmic/learnIT/src/submit","kind":"discover"}
[05:40:12.328] Explicitly included types: []
[05:40:12.328] Inferred typings from unresolved imports: []
[05:40:12.328] Result: {"cachedTypingPaths":[],"newTypingNames":[],"filesToWatch":["/home/cosmic/learnIT/src/submit/bower_components","/home/cosmic/learnIT/src/submit/node_modules"]}
[05:40:12.328] Finished typings discovery: {"cachedTypingPaths":[],"newTypingNames":[],"filesToWatch":["/home/cosmic/learnIT/src/submit/bower_components","/home/cosmic/learnIT/src/submit/node_modules"]}
[05:40:12.328] Sending response:
    {"projectName":"/dev/null/inferredProject1*","typeAcquisition":{"enable":true,"include":[],"exclude":[]},"compilerOptions":{"module":1,"target":3,"jsx":1,"allowJs":true,"allowSyntheticDefaultImports":true,"allowNonTsExtensions":true,"noEmitForJsFiles":true,"maxNodeModuleJsDepth":2},"typings":[],"unresolvedImports":[],"kind":"action::set"}
[05:40:12.328] Response has been sent.
[05:40:12.328] No new typings were requested as a result of typings discovery
[05:40:13.525] Got install request {"projectName":"/dev/null/inferredProject1*","fileNames":["/home/cosmic/learnIT/node_modules/typescript/lib/lib.es5.d.ts","/home/cosmic/learnIT/node_modules/typescript/lib/lib.es2015.d.ts","/home/cosmic/learnIT/node_modules/typescript/lib/lib.es2016.d.ts","/home/cosmic/learnIT/node_modules/typescript/lib/lib.dom.d.ts","/home/cosmic/learnIT/node_modules/typescript/lib/lib.dom.iterable.d.ts","/home/cosmic/learnIT/node_modules/typescript/lib/lib.webworker.importscripts.d.ts","/home/cosmic/learnIT/node_modules/typescript/lib/lib.scripthost.d.ts","/home/cosmic/learnIT/node_modules/typescript/lib/lib.es2015.core.d.ts","/home/cosmic/learnIT/node_modules/typescript/lib/lib.es2015.collection.d.ts","/home/cosmic/learnIT/node_modules/typescript/lib/lib.es2015.generator.d.ts","/home/cosmic/learnIT/node_modules/typescript/lib/lib.es2015.iterable.d.ts","/home/cosmic/learnIT/node_modules/typescript/lib/lib.es2015.promise.d.ts","/home/cosmic/learnIT/node_modules/typescript/lib/lib.es2015.proxy.d.ts","/home/cosmic/learnIT/node_modules/typescript/lib/lib.es2015.reflect.d.ts","/home/cosmic/learnIT/node_modules/typescript/lib/lib.es2015.symbol.d.ts","/home/cosmic/learnIT/node_modules/typescript/lib/lib.es2015.symbol.wellknown.d.ts","/home/cosmic/learnIT/node_modules/typescript/lib/lib.es2016.array.include.d.ts","/home/cosmic/learnIT/node_modules/typescript/lib/lib.es2016.full.d.ts","/home/cosmic/learnIT/src/submit/submit.js"],"compilerOptions":{"module":1,"target":3,"jsx":1,"allowJs":true,"allowSyntheticDefaultImports":true,"allowNonTsExtensions":true,"noEmitForJsFiles":true,"maxNodeModuleJsDepth":2},"typeAcquisition":{"enable":true,"include":[],"exclude":[]},"unresolvedImports":[],"projectRootPath":"/home/cosmic/learnIT/src/submit","kind":"discover"}
[05:40:13.525] Explicitly included types: []
[05:40:13.526] Inferred typings from unresolved imports: []
[05:40:13.526] Result: {"cachedTypingPaths":[],"newTypingNames":[],"filesToWatch":["/home/cosmic/learnIT/src/submit/bower_components","/home/cosmic/learnIT/src/submit/node_modules"]}
[05:40:13.526] Finished typings discovery: {"cachedTypingPaths":[],"newTypingNames":[],"filesToWatch":["/home/cosmic/learnIT/src/submit/bower_components","/home/cosmic/learnIT/src/submit/node_modules"]}
[05:40:13.526] Sending response:
    {"projectName":"/dev/null/inferredProject1*","typeAcquisition":{"enable":true,"include":[],"exclude":[]},"compilerOptions":{"module":1,"target":3,"jsx":1,"allowJs":true,"allowSyntheticDefaultImports":true,"allowNonTsExtensions":true,"noEmitForJsFiles":true,"maxNodeModuleJsDepth":2},"typings":[],"unresolvedImports":[],"kind":"action::set"}
[05:40:13.526] Response has been sent.
[05:40:13.526] No new typings were requested as a result of typings discovery
