[09:55:13.343] Global cache location '/home/cosmic/.cache/typescript/4.7', safe file path '/usr/local/lib/node_modules/typescript/lib/typingSafeList.json', types map path /usr/local/lib/node_modules/typescript/lib/typesMap.json
[09:55:13.344] Processing cache location '/home/cosmic/.cache/typescript/4.7'
[09:55:13.344] Trying to find '/home/cosmic/.cache/typescript/4.7/package.json'...
[09:55:13.378] Loaded content of '/home/cosmic/.cache/typescript/4.7/package.json': {"private":true,"dependencies":{"types-registry":"^0.1.602"},"devDependencies":{"@types/body-parser":"^1.19.2","@types/express":"^4.17.13","@types/merge-descriptors":"^1.0.1","@types/multer":"^1.4.7","@types/nodemon":"^1.19.2","@types/react":"^18.0.15","@types/react-dom":"^18.0.6","@types/serve-static":"^1.13.10"}}
[09:55:13.379] Loaded content of '/home/cosmic/.cache/typescript/4.7/package-lock.json'
[09:55:13.410] Adding entry into typings cache: 'body-parser' => '/home/cosmic/.cache/typescript/4.7/node_modules/@types/body-parser/index.d.ts'
[09:55:13.413] Adding entry into typings cache: 'express' => '/home/cosmic/.cache/typescript/4.7/node_modules/@types/express/index.d.ts'
[09:55:13.488] Adding entry into typings cache: 'merge-descriptors' => '/home/cosmic/.cache/typescript/4.7/node_modules/@types/merge-descriptors/index.d.ts'
[09:55:13.520] Adding entry into typings cache: 'multer' => '/home/cosmic/.cache/typescript/4.7/node_modules/@types/multer/index.d.ts'
[09:55:13.568] Adding entry into typings cache: 'nodemon' => '/home/cosmic/.cache/typescript/4.7/node_modules/@types/nodemon/index.d.ts'
[09:55:13.590] Adding entry into typings cache: 'react' => '/home/cosmic/.cache/typescript/4.7/node_modules/@types/react/index.d.ts'
[09:55:13.637] Adding entry into typings cache: 'react-dom' => '/home/cosmic/.cache/typescript/4.7/node_modules/@types/react-dom/index.d.ts'
[09:55:13.665] Adding entry into typings cache: 'serve-static' => '/home/cosmic/.cache/typescript/4.7/node_modules/@types/serve-static/index.d.ts'
[09:55:13.666] Finished processing cache location '/home/cosmic/.cache/typescript/4.7'
[09:55:13.666] Process id: 6951
[09:55:13.666] NPM location: /snap/node/6488/bin/npm (explicit '--npmLocation' not  provided)
[09:55:13.666] validateDefaultNpmLocation: false
[09:55:13.666] Npm config file: /home/cosmic/.cache/typescript/4.7/package.json
[09:55:13.666] Updating types-registry npm package...
[09:55:13.666] Exec: /snap/node/6488/bin/npm install --ignore-scripts types-registry@latest
[09:55:16.516]     Succeeded. stdout:
[09:55:16.516] Updated types-registry npm package
[09:55:39.471] Got install request {"projectName":"/dev/null/inferredProject1*","fileNames":["/usr/local/lib/node_modules/typescript/lib/lib.es5.d.ts","/usr/local/lib/node_modules/typescript/lib/lib.es2015.d.ts","/usr/local/lib/node_modules/typescript/lib/lib.es2016.d.ts","/usr/local/lib/node_modules/typescript/lib/lib.dom.d.ts","/usr/local/lib/node_modules/typescript/lib/lib.dom.iterable.d.ts","/usr/local/lib/node_modules/typescript/lib/lib.webworker.importscripts.d.ts","/usr/local/lib/node_modules/typescript/lib/lib.scripthost.d.ts","/usr/local/lib/node_modules/typescript/lib/lib.es2015.core.d.ts","/usr/local/lib/node_modules/typescript/lib/lib.es2015.collection.d.ts","/usr/local/lib/node_modules/typescript/lib/lib.es2015.generator.d.ts","/usr/local/lib/node_modules/typescript/lib/lib.es2015.iterable.d.ts","/usr/local/lib/node_modules/typescript/lib/lib.es2015.promise.d.ts","/usr/local/lib/node_modules/typescript/lib/lib.es2015.proxy.d.ts","/usr/local/lib/node_modules/typescript/lib/lib.es2015.reflect.d.ts","/usr/local/lib/node_modules/typescript/lib/lib.es2015.symbol.d.ts","/usr/local/lib/node_modules/typescript/lib/lib.es2015.symbol.wellknown.d.ts","/usr/local/lib/node_modules/typescript/lib/lib.es2016.array.include.d.ts","/usr/local/lib/node_modules/typescript/lib/lib.es2016.full.d.ts","/home/cosmic/learnIT/src/home/index.js","/home/cosmic/learnIT/src/Data.js","/home/cosmic/learnIT/src/solutions/index.js","/home/cosmic/learnIT/src/solutions/top.js","/home/cosmic/learnIT/src/submit/submit.js","/home/cosmic/learnIT/src/Homeview/homeview.js","/home/cosmic/learnIT/src/entry_page/entry.js","/home/cosmic/learnIT/src/navbar/timer.js","/home/cosmic/learnIT/src/navbar/menuebar.js","/home/cosmic/learnIT/src/App.js"],"compilerOptions":{"module":1,"target":3,"jsx":1,"allowJs":true,"allowSyntheticDefaultImports":true,"allowNonTsExtensions":true,"noEmitForJsFiles":true,"maxNodeModuleJsDepth":2},"typeAcquisition":{"enable":true,"include":[],"exclude":[]},"unresolvedImports":[],"projectRootPath":"/home/cosmic/learnIT/src","kind":"discover"}
[09:55:39.491] Loaded safelist from types map file '/usr/local/lib/node_modules/typescript/lib/typesMap.json'
[09:55:39.492] Explicitly included types: []
[09:55:39.493] Inferred typings from unresolved imports: []
[09:55:39.493] Result: {"cachedTypingPaths":[],"newTypingNames":[],"filesToWatch":["/home/cosmic/learnIT/src/home/bower_components","/home/cosmic/learnIT/src/home/node_modules","/home/cosmic/learnIT/src/bower_components","/home/cosmic/learnIT/src/node_modules","/home/cosmic/learnIT/src/solutions/bower_components","/home/cosmic/learnIT/src/solutions/node_modules","/home/cosmic/learnIT/src/submit/bower_components","/home/cosmic/learnIT/src/submit/node_modules","/home/cosmic/learnIT/src/Homeview/bower_components","/home/cosmic/learnIT/src/Homeview/node_modules","/home/cosmic/learnIT/src/entry_page/bower_components","/home/cosmic/learnIT/src/entry_page/node_modules","/home/cosmic/learnIT/src/navbar/bower_components","/home/cosmic/learnIT/src/navbar/node_modules"]}
[09:55:39.493] Finished typings discovery: {"cachedTypingPaths":[],"newTypingNames":[],"filesToWatch":["/home/cosmic/learnIT/src/home/bower_components","/home/cosmic/learnIT/src/home/node_modules","/home/cosmic/learnIT/src/bower_components","/home/cosmic/learnIT/src/node_modules","/home/cosmic/learnIT/src/solutions/bower_components","/home/cosmic/learnIT/src/solutions/node_modules","/home/cosmic/learnIT/src/submit/bower_components","/home/cosmic/learnIT/src/submit/node_modules","/home/cosmic/learnIT/src/Homeview/bower_components","/home/cosmic/learnIT/src/Homeview/node_modules","/home/cosmic/learnIT/src/entry_page/bower_components","/home/cosmic/learnIT/src/entry_page/node_modules","/home/cosmic/learnIT/src/navbar/bower_components","/home/cosmic/learnIT/src/navbar/node_modules"]}
[09:55:39.494] DirectoryWatcher:: Added:: WatchInfo: /home/cosmic/learnIT/src/home
[09:55:39.494] DirectoryWatcher:: Added:: WatchInfo: /home/cosmic/learnIT/src/home 1 undefined Project: /dev/null/inferredProject1* watcher already invoked: false
[09:55:39.497] Elapsed:: 2.2430180003866553ms DirectoryWatcher:: Added:: WatchInfo: /home/cosmic/learnIT/src/home 1 undefined Project: /dev/null/inferredProject1* watcher already invoked: false
[09:55:39.497] DirectoryWatcher:: Added:: WatchInfo: /home/cosmic/learnIT/src/bower_components
[09:55:39.497] DirectoryWatcher:: Added:: WatchInfo: /home/cosmic/learnIT/src/bower_components 1 undefined Project: /dev/null/inferredProject1* watcher already invoked: false
[09:55:39.498] Elapsed:: 0.9744400000199676ms DirectoryWatcher:: Added:: WatchInfo: /home/cosmic/learnIT/src/bower_components 1 undefined Project: /dev/null/inferredProject1* watcher already invoked: false
[09:55:39.498] DirectoryWatcher:: Added:: WatchInfo: /home/cosmic/learnIT/src/node_modules
[09:55:39.498] DirectoryWatcher:: Added:: WatchInfo: /home/cosmic/learnIT/src/node_modules 1 undefined Project: /dev/null/inferredProject1* watcher already invoked: false
[09:55:39.499] Elapsed:: 0.1545929992571473ms DirectoryWatcher:: Added:: WatchInfo: /home/cosmic/learnIT/src/node_modules 1 undefined Project: /dev/null/inferredProject1* watcher already invoked: false
[09:55:39.499] DirectoryWatcher:: Added:: WatchInfo: /home/cosmic/learnIT/src/solutions
[09:55:39.499] DirectoryWatcher:: Added:: WatchInfo: /home/cosmic/learnIT/src/solutions 1 undefined Project: /dev/null/inferredProject1* watcher already invoked: false
[09:55:39.499] Elapsed:: 0.23892199993133545ms DirectoryWatcher:: Added:: WatchInfo: /home/cosmic/learnIT/src/solutions 1 undefined Project: /dev/null/inferredProject1* watcher already invoked: false
[09:55:39.500] DirectoryWatcher:: Added:: WatchInfo: /home/cosmic/learnIT/src/submit
[09:55:39.500] DirectoryWatcher:: Added:: WatchInfo: /home/cosmic/learnIT/src/submit 1 undefined Project: /dev/null/inferredProject1* watcher already invoked: false
[09:55:39.500] Elapsed:: 0.22740199975669384ms DirectoryWatcher:: Added:: WatchInfo: /home/cosmic/learnIT/src/submit 1 undefined Project: /dev/null/inferredProject1* watcher already invoked: false
[09:55:39.500] DirectoryWatcher:: Added:: WatchInfo: /home/cosmic/learnIT/src/Homeview
[09:55:39.500] DirectoryWatcher:: Added:: WatchInfo: /home/cosmic/learnIT/src/Homeview 1 undefined Project: /dev/null/inferredProject1* watcher already invoked: false
[09:55:39.500] Elapsed:: 0.18207500036805868ms DirectoryWatcher:: Added:: WatchInfo: /home/cosmic/learnIT/src/Homeview 1 undefined Project: /dev/null/inferredProject1* watcher already invoked: false
[09:55:39.500] DirectoryWatcher:: Added:: WatchInfo: /home/cosmic/learnIT/src/entry_page
[09:55:39.500] DirectoryWatcher:: Added:: WatchInfo: /home/cosmic/learnIT/src/entry_page 1 undefined Project: /dev/null/inferredProject1* watcher already invoked: false
[09:55:39.501] Elapsed:: 0.15814399998635054ms DirectoryWatcher:: Added:: WatchInfo: /home/cosmic/learnIT/src/entry_page 1 undefined Project: /dev/null/inferredProject1* watcher already invoked: false
[09:55:39.501] DirectoryWatcher:: Added:: WatchInfo: /home/cosmic/learnIT/src/navbar
[09:55:39.501] DirectoryWatcher:: Added:: WatchInfo: /home/cosmic/learnIT/src/navbar 1 undefined Project: /dev/null/inferredProject1* watcher already invoked: false
[09:55:39.501] Elapsed:: 0.1613770006224513ms DirectoryWatcher:: Added:: WatchInfo: /home/cosmic/learnIT/src/navbar 1 undefined Project: /dev/null/inferredProject1* watcher already invoked: false
[09:55:39.501] Sending response:
    {"projectName":"/dev/null/inferredProject1*","typeAcquisition":{"enable":true,"include":[],"exclude":[]},"compilerOptions":{"module":1,"target":3,"jsx":1,"allowJs":true,"allowSyntheticDefaultImports":true,"allowNonTsExtensions":true,"noEmitForJsFiles":true,"maxNodeModuleJsDepth":2},"typings":[],"unresolvedImports":[],"kind":"action::set"}
[09:55:39.502] Response has been sent.
[09:55:39.502] No new typings were requested as a result of typings discovery
[09:55:40.163] Got install request {"projectName":"/dev/null/inferredProject1*","fileNames":["/usr/local/lib/node_modules/typescript/lib/lib.es5.d.ts","/usr/local/lib/node_modules/typescript/lib/lib.es2015.d.ts","/usr/local/lib/node_modules/typescript/lib/lib.es2016.d.ts","/usr/local/lib/node_modules/typescript/lib/lib.dom.d.ts","/usr/local/lib/node_modules/typescript/lib/lib.dom.iterable.d.ts","/usr/local/lib/node_modules/typescript/lib/lib.webworker.importscripts.d.ts","/usr/local/lib/node_modules/typescript/lib/lib.scripthost.d.ts","/usr/local/lib/node_modules/typescript/lib/lib.es2015.core.d.ts","/usr/local/lib/node_modules/typescript/lib/lib.es2015.collection.d.ts","/usr/local/lib/node_modules/typescript/lib/lib.es2015.generator.d.ts","/usr/local/lib/node_modules/typescript/lib/lib.es2015.iterable.d.ts","/usr/local/lib/node_modules/typescript/lib/lib.es2015.promise.d.ts","/usr/local/lib/node_modules/typescript/lib/lib.es2015.proxy.d.ts","/usr/local/lib/node_modules/typescript/lib/lib.es2015.reflect.d.ts","/usr/local/lib/node_modules/typescript/lib/lib.es2015.symbol.d.ts","/usr/local/lib/node_modules/typescript/lib/lib.es2015.symbol.wellknown.d.ts","/usr/local/lib/node_modules/typescript/lib/lib.es2016.array.include.d.ts","/usr/local/lib/node_modules/typescript/lib/lib.es2016.full.d.ts","/home/cosmic/learnIT/src/home/index.js","/home/cosmic/learnIT/src/Data.js","/home/cosmic/learnIT/src/solutions/index.js","/home/cosmic/learnIT/src/solutions/top.js","/home/cosmic/learnIT/src/Homeview/homeview.js","/home/cosmic/learnIT/src/entry_page/entry.js","/home/cosmic/learnIT/src/navbar/timer.js","/home/cosmic/learnIT/src/navbar/menuebar.js","/home/cosmic/learnIT/src/App.js"],"compilerOptions":{"module":1,"target":3,"jsx":1,"allowJs":true,"allowSyntheticDefaultImports":true,"allowNonTsExtensions":true,"noEmitForJsFiles":true,"maxNodeModuleJsDepth":2},"typeAcquisition":{"enable":true,"include":[],"exclude":[]},"unresolvedImports":[],"projectRootPath":"/home/cosmic/learnIT/src","kind":"discover"}
[09:55:40.163] Explicitly included types: []
[09:55:40.163] Inferred typings from unresolved imports: []
[09:55:40.163] Result: {"cachedTypingPaths":[],"newTypingNames":[],"filesToWatch":["/home/cosmic/learnIT/src/home/bower_components","/home/cosmic/learnIT/src/home/node_modules","/home/cosmic/learnIT/src/bower_components","/home/cosmic/learnIT/src/node_modules","/home/cosmic/learnIT/src/solutions/bower_components","/home/cosmic/learnIT/src/solutions/node_modules","/home/cosmic/learnIT/src/Homeview/bower_components","/home/cosmic/learnIT/src/Homeview/node_modules","/home/cosmic/learnIT/src/entry_page/bower_components","/home/cosmic/learnIT/src/entry_page/node_modules","/home/cosmic/learnIT/src/navbar/bower_components","/home/cosmic/learnIT/src/navbar/node_modules"]}
[09:55:40.163] Finished typings discovery: {"cachedTypingPaths":[],"newTypingNames":[],"filesToWatch":["/home/cosmic/learnIT/src/home/bower_components","/home/cosmic/learnIT/src/home/node_modules","/home/cosmic/learnIT/src/bower_components","/home/cosmic/learnIT/src/node_modules","/home/cosmic/learnIT/src/solutions/bower_components","/home/cosmic/learnIT/src/solutions/node_modules","/home/cosmic/learnIT/src/Homeview/bower_components","/home/cosmic/learnIT/src/Homeview/node_modules","/home/cosmic/learnIT/src/entry_page/bower_components","/home/cosmic/learnIT/src/entry_page/node_modules","/home/cosmic/learnIT/src/navbar/bower_components","/home/cosmic/learnIT/src/navbar/node_modules"]}
[09:55:40.164] DirectoryWatcher:: Closed:: WatchInfo: /home/cosmic/learnIT/src/submit
[09:55:40.164] DirectoryWatcher:: Close:: WatchInfo: /home/cosmic/learnIT/src/submit 1 undefined Project: /dev/null/inferredProject1* watcher already invoked: false
[09:55:40.165] Elapsed:: 0.32877600006759167ms DirectoryWatcher:: Close:: WatchInfo: /home/cosmic/learnIT/src/submit 1 undefined Project: /dev/null/inferredProject1* watcher already invoked: false
[09:55:40.165] Sending response:
    {"projectName":"/dev/null/inferredProject1*","typeAcquisition":{"enable":true,"include":[],"exclude":[]},"compilerOptions":{"module":1,"target":3,"jsx":1,"allowJs":true,"allowSyntheticDefaultImports":true,"allowNonTsExtensions":true,"noEmitForJsFiles":true,"maxNodeModuleJsDepth":2},"typings":[],"unresolvedImports":[],"kind":"action::set"}
[09:55:40.165] Response has been sent.
[09:55:40.165] No new typings were requested as a result of typings discovery
[09:55:40.165] Got install request {"projectName":"/dev/null/inferredProject1*","fileNames":["/usr/local/lib/node_modules/typescript/lib/lib.es5.d.ts","/usr/local/lib/node_modules/typescript/lib/lib.es2015.d.ts","/usr/local/lib/node_modules/typescript/lib/lib.es2016.d.ts","/usr/local/lib/node_modules/typescript/lib/lib.dom.d.ts","/usr/local/lib/node_modules/typescript/lib/lib.dom.iterable.d.ts","/usr/local/lib/node_modules/typescript/lib/lib.webworker.importscripts.d.ts","/usr/local/lib/node_modules/typescript/lib/lib.scripthost.d.ts","/usr/local/lib/node_modules/typescript/lib/lib.es2015.core.d.ts","/usr/local/lib/node_modules/typescript/lib/lib.es2015.collection.d.ts","/usr/local/lib/node_modules/typescript/lib/lib.es2015.generator.d.ts","/usr/local/lib/node_modules/typescript/lib/lib.es2015.iterable.d.ts","/usr/local/lib/node_modules/typescript/lib/lib.es2015.promise.d.ts","/usr/local/lib/node_modules/typescript/lib/lib.es2015.proxy.d.ts","/usr/local/lib/node_modules/typescript/lib/lib.es2015.reflect.d.ts","/usr/local/lib/node_modules/typescript/lib/lib.es2015.symbol.d.ts","/usr/local/lib/node_modules/typescript/lib/lib.es2015.symbol.wellknown.d.ts","/usr/local/lib/node_modules/typescript/lib/lib.es2016.array.include.d.ts","/usr/local/lib/node_modules/typescript/lib/lib.es2016.full.d.ts","/home/cosmic/learnIT/src/home/index.js","/home/cosmic/learnIT/src/Data.js","/home/cosmic/learnIT/src/solutions/index.js","/home/cosmic/learnIT/src/solutions/top.js","/home/cosmic/learnIT/src/submit/submit.js","/home/cosmic/learnIT/src/Homeview/homeview.js","/home/cosmic/learnIT/src/entry_page/entry.js","/home/cosmic/learnIT/src/navbar/timer.js","/home/cosmic/learnIT/src/navbar/menuebar.js","/home/cosmic/learnIT/src/App.js"],"compilerOptions":{"module":1,"target":3,"jsx":1,"allowJs":true,"allowSyntheticDefaultImports":true,"allowNonTsExtensions":true,"noEmitForJsFiles":true,"maxNodeModuleJsDepth":2},"typeAcquisition":{"enable":true,"include":[],"exclude":[]},"unresolvedImports":[],"projectRootPath":"/home/cosmic/learnIT/src","kind":"discover"}
[09:55:40.166] Explicitly included types: []
[09:55:40.166] Inferred typings from unresolved imports: []
[09:55:40.166] Result: {"cachedTypingPaths":[],"newTypingNames":[],"filesToWatch":["/home/cosmic/learnIT/src/home/bower_components","/home/cosmic/learnIT/src/home/node_modules","/home/cosmic/learnIT/src/bower_components","/home/cosmic/learnIT/src/node_modules","/home/cosmic/learnIT/src/solutions/bower_components","/home/cosmic/learnIT/src/solutions/node_modules","/home/cosmic/learnIT/src/submit/bower_components","/home/cosmic/learnIT/src/submit/node_modules","/home/cosmic/learnIT/src/Homeview/bower_components","/home/cosmic/learnIT/src/Homeview/node_modules","/home/cosmic/learnIT/src/entry_page/bower_components","/home/cosmic/learnIT/src/entry_page/node_modules","/home/cosmic/learnIT/src/navbar/bower_components","/home/cosmic/learnIT/src/navbar/node_modules"]}
[09:55:40.166] Finished typings discovery: {"cachedTypingPaths":[],"newTypingNames":[],"filesToWatch":["/home/cosmic/learnIT/src/home/bower_components","/home/cosmic/learnIT/src/home/node_modules","/home/cosmic/learnIT/src/bower_components","/home/cosmic/learnIT/src/node_modules","/home/cosmic/learnIT/src/solutions/bower_components","/home/cosmic/learnIT/src/solutions/node_modules","/home/cosmic/learnIT/src/submit/bower_components","/home/cosmic/learnIT/src/submit/node_modules","/home/cosmic/learnIT/src/Homeview/bower_components","/home/cosmic/learnIT/src/Homeview/node_modules","/home/cosmic/learnIT/src/entry_page/bower_components","/home/cosmic/learnIT/src/entry_page/node_modules","/home/cosmic/learnIT/src/navbar/bower_components","/home/cosmic/learnIT/src/navbar/node_modules"]}
[09:55:40.167] DirectoryWatcher:: Added:: WatchInfo: /home/cosmic/learnIT/src/submit
[09:55:40.167] DirectoryWatcher:: Added:: WatchInfo: /home/cosmic/learnIT/src/submit 1 undefined Project: /dev/null/inferredProject1* watcher already invoked: false
[09:55:40.167] Elapsed:: 0.5308779999613762ms DirectoryWatcher:: Added:: WatchInfo: /home/cosmic/learnIT/src/submit 1 undefined Project: /dev/null/inferredProject1* watcher already invoked: false
[09:55:40.168] Sending response:
    {"projectName":"/dev/null/inferredProject1*","typeAcquisition":{"enable":true,"include":[],"exclude":[]},"compilerOptions":{"module":1,"target":3,"jsx":1,"allowJs":true,"allowSyntheticDefaultImports":true,"allowNonTsExtensions":true,"noEmitForJsFiles":true,"maxNodeModuleJsDepth":2},"typings":[],"unresolvedImports":[],"kind":"action::set"}
[09:55:40.168] Response has been sent.
[09:55:40.168] No new typings were requested as a result of typings discovery
